2026-02-01 20:10:30,236 - INFO - Starting drug crawl...
2026-02-01 20:10:30,236 - INFO - Already crawled: 0 drugs
2026-02-01 20:10:31,812 - WARNING - Some characters could not be decoded, and were replaced with REPLACEMENT CHARACTER.
2026-02-01 20:10:33,036 - WARNING - Some characters could not be decoded, and were replaced with REPLACEMENT CHARACTER.
2026-02-01 20:10:33,042 - INFO - Letter A: 0 drugs found
2026-02-01 20:10:34,235 - WARNING - Some characters could not be decoded, and were replaced with REPLACEMENT CHARACTER.
2026-02-01 20:10:34,236 - INFO - Letter B: 0 drugs found
2026-02-01 20:10:35,289 - WARNING - Some characters could not be decoded, and were replaced with REPLACEMENT CHARACTER.
2026-02-01 20:10:35,293 - INFO - Letter C: 0 drugs found
2026-02-01 20:10:36,391 - WARNING - Some characters could not be decoded, and were replaced with REPLACEMENT CHARACTER.
2026-02-01 20:10:36,393 - INFO - Letter D: 0 drugs found
2026-02-01 20:10:37,915 - WARNING - Some characters could not be decoded, and were replaced with REPLACEMENT CHARACTER.
2026-02-01 20:10:37,918 - INFO - Letter E: 0 drugs found
2026-02-01 20:10:39,035 - WARNING - Some characters could not be decoded, and were replaced with REPLACEMENT CHARACTER.
2026-02-01 20:10:39,041 - INFO - Letter F: 0 drugs found
2026-02-01 20:10:40,131 - WARNING - Some characters could not be decoded, and were replaced with REPLACEMENT CHARACTER.
2026-02-01 20:10:40,131 - INFO - Letter G: 0 drugs found
2026-02-01 20:10:41,173 - WARNING - Some characters could not be decoded, and were replaced with REPLACEMENT CHARACTER.
2026-02-01 20:10:41,173 - INFO - Letter H: 0 drugs found
2026-02-01 20:10:42,400 - WARNING - Some characters could not be decoded, and were replaced with REPLACEMENT CHARACTER.
2026-02-01 20:10:42,402 - INFO - Letter I: 0 drugs found
2026-02-01 20:10:43,461 - WARNING - Some characters could not be decoded, and were replaced with REPLACEMENT CHARACTER.
2026-02-01 20:10:43,461 - INFO - Letter J: 0 drugs found
2026-02-01 20:10:44,529 - WARNING - Some characters could not be decoded, and were replaced with REPLACEMENT CHARACTER.
2026-02-01 20:10:44,532 - INFO - Letter K: 0 drugs found
2026-02-01 20:10:45,602 - WARNING - Some characters could not be decoded, and were replaced with REPLACEMENT CHARACTER.
2026-02-01 20:10:45,608 - INFO - Letter L: 0 drugs found
2026-02-01 20:10:46,688 - WARNING - Some characters could not be decoded, and were replaced with REPLACEMENT CHARACTER.
2026-02-01 20:10:46,692 - INFO - Letter M: 0 drugs found
2026-02-01 20:10:48,302 - WARNING - Some characters could not be decoded, and were replaced with REPLACEMENT CHARACTER.
2026-02-01 20:10:48,302 - INFO - Letter N: 0 drugs found
2026-02-01 20:10:49,363 - WARNING - Some characters could not be decoded, and were replaced with REPLACEMENT CHARACTER.
2026-02-01 20:10:49,363 - INFO - Letter O: 0 drugs found
2026-02-01 20:10:50,953 - WARNING - Some characters could not be decoded, and were replaced with REPLACEMENT CHARACTER.
2026-02-01 20:10:50,956 - INFO - Letter P: 0 drugs found
2026-02-01 20:10:52,211 - WARNING - Some characters could not be decoded, and were replaced with REPLACEMENT CHARACTER.
2026-02-01 20:10:52,211 - INFO - Letter Q: 0 drugs found
2026-02-01 20:10:53,270 - WARNING - Some characters could not be decoded, and were replaced with REPLACEMENT CHARACTER.
2026-02-01 20:10:53,272 - INFO - Letter R: 0 drugs found
2026-02-01 20:10:54,333 - WARNING - Some characters could not be decoded, and were replaced with REPLACEMENT CHARACTER.
2026-02-01 20:10:54,335 - INFO - Letter S: 0 drugs found
2026-02-01 20:10:55,392 - WARNING - Some characters could not be decoded, and were replaced with REPLACEMENT CHARACTER.
2026-02-01 20:10:55,392 - INFO - Letter T: 0 drugs found
2026-02-01 20:10:56,525 - WARNING - Some characters could not be decoded, and were replaced with REPLACEMENT CHARACTER.
2026-02-01 20:10:56,531 - INFO - Letter U: 0 drugs found
2026-02-01 20:10:57,637 - WARNING - Some characters could not be decoded, and were replaced with REPLACEMENT CHARACTER.
2026-02-01 20:10:57,643 - INFO - Letter V: 0 drugs found
2026-02-01 20:10:58,712 - WARNING - Some characters could not be decoded, and were replaced with REPLACEMENT CHARACTER.
2026-02-01 20:10:58,712 - INFO - Letter W: 0 drugs found
2026-02-01 20:10:59,804 - WARNING - Some characters could not be decoded, and were replaced with REPLACEMENT CHARACTER.
2026-02-01 20:10:59,804 - INFO - Letter X: 0 drugs found
2026-02-01 20:11:00,818 - WARNING - Some characters could not be decoded, and were replaced with REPLACEMENT CHARACTER.
2026-02-01 20:11:00,822 - INFO - Letter Y: 0 drugs found
2026-02-01 20:11:01,991 - WARNING - Some characters could not be decoded, and were replaced with REPLACEMENT CHARACTER.
2026-02-01 20:11:01,993 - INFO - Letter Z: 0 drugs found
2026-02-01 20:11:03,053 - WARNING - Some characters could not be decoded, and were replaced with REPLACEMENT CHARACTER.
2026-02-01 20:11:03,062 - INFO - New drugs to crawl: 0
2026-02-01 20:11:03,062 - INFO - Saved 0 items to vinmec_data_advanced\drugs_detailed.json
2026-02-01 20:11:03,062 - INFO - Starting disease crawl...
2026-02-01 20:11:03,062 - INFO - Already crawled: 0 diseases
2026-02-01 20:11:03,812 - WARNING - Some characters could not be decoded, and were replaced with REPLACEMENT CHARACTER.
2026-02-01 20:11:04,901 - WARNING - Some characters could not be decoded, and were replaced with REPLACEMENT CHARACTER.
2026-02-01 20:11:04,901 - INFO - Letter a: 0 diseases found
2026-02-01 20:11:05,662 - WARNING - Some characters could not be decoded, and were replaced with REPLACEMENT CHARACTER.
2026-02-01 20:11:06,694 - WARNING - Some characters could not be decoded, and were replaced with REPLACEMENT CHARACTER.
2026-02-01 20:11:06,696 - INFO - Letter b: 0 diseases found
2026-02-01 20:11:07,434 - WARNING - Some characters could not be decoded, and were replaced with REPLACEMENT CHARACTER.
2026-02-01 20:11:08,491 - WARNING - Some characters could not be decoded, and were replaced with REPLACEMENT CHARACTER.
2026-02-01 20:11:08,494 - INFO - Letter c: 0 diseases found
2026-02-01 20:11:09,236 - WARNING - Some characters could not be decoded, and were replaced with REPLACEMENT CHARACTER.
2026-02-01 20:11:11,011 - WARNING - Some characters could not be decoded, and were replaced with REPLACEMENT CHARACTER.
2026-02-01 20:11:11,013 - INFO - Letter d: 0 diseases found
2026-02-01 20:11:11,743 - WARNING - Some characters could not be decoded, and were replaced with REPLACEMENT CHARACTER.
2026-02-01 20:11:12,763 - WARNING - Some characters could not be decoded, and were replaced with REPLACEMENT CHARACTER.
2026-02-01 20:11:12,763 - INFO - Letter e: 0 diseases found
2026-02-01 20:11:13,544 - WARNING - Some characters could not be decoded, and were replaced with REPLACEMENT CHARACTER.
2026-02-01 20:11:15,285 - WARNING - Some characters could not be decoded, and were replaced with REPLACEMENT CHARACTER.
2026-02-01 20:11:15,287 - INFO - Letter f: 0 diseases found
2026-02-01 20:11:16,053 - WARNING - Some characters could not be decoded, and were replaced with REPLACEMENT CHARACTER.
2026-02-01 20:11:18,547 - WARNING - Some characters could not be decoded, and were replaced with REPLACEMENT CHARACTER.
2026-02-01 20:11:18,549 - INFO - Letter g: 0 diseases found
2026-02-01 20:11:19,312 - WARNING - Some characters could not be decoded, and were replaced with REPLACEMENT CHARACTER.
2026-02-01 20:11:20,343 - WARNING - Some characters could not be decoded, and were replaced with REPLACEMENT CHARACTER.
2026-02-01 20:11:20,343 - INFO - Letter h: 0 diseases found
2026-02-01 20:11:21,073 - WARNING - Some characters could not be decoded, and were replaced with REPLACEMENT CHARACTER.
2026-02-01 20:11:22,288 - WARNING - Some characters could not be decoded, and were replaced with REPLACEMENT CHARACTER.
2026-02-01 20:11:22,290 - INFO - Letter i: 0 diseases found
2026-02-01 20:11:23,023 - WARNING - Some characters could not be decoded, and were replaced with REPLACEMENT CHARACTER.
2026-02-01 20:11:24,273 - WARNING - Some characters could not be decoded, and were replaced with REPLACEMENT CHARACTER.
2026-02-01 20:11:24,274 - INFO - Letter j: 0 diseases found
2026-02-01 20:11:25,011 - WARNING - Some characters could not be decoded, and were replaced with REPLACEMENT CHARACTER.
2026-02-01 20:11:26,104 - WARNING - Some characters could not be decoded, and were replaced with REPLACEMENT CHARACTER.
2026-02-01 20:11:26,104 - INFO - Letter k: 0 diseases found
2026-02-01 20:11:26,846 - WARNING - Some characters could not be decoded, and were replaced with REPLACEMENT CHARACTER.
2026-02-01 20:11:27,921 - WARNING - Some characters could not be decoded, and were replaced with REPLACEMENT CHARACTER.
2026-02-01 20:11:27,921 - INFO - Letter l: 0 diseases found
2026-02-01 20:11:28,767 - WARNING - Some characters could not be decoded, and were replaced with REPLACEMENT CHARACTER.
2026-02-01 20:11:30,220 - WARNING - Some characters could not be decoded, and were replaced with REPLACEMENT CHARACTER.
2026-02-01 20:11:30,222 - INFO - Letter m: 0 diseases found
2026-02-01 20:11:30,992 - WARNING - Some characters could not be decoded, and were replaced with REPLACEMENT CHARACTER.
2026-02-01 20:11:32,061 - WARNING - Some characters could not be decoded, and were replaced with REPLACEMENT CHARACTER.
2026-02-01 20:11:32,062 - INFO - Letter n: 0 diseases found
2026-02-01 20:11:32,835 - WARNING - Some characters could not be decoded, and were replaced with REPLACEMENT CHARACTER.
2026-02-01 20:11:34,339 - WARNING - Some characters could not be decoded, and were replaced with REPLACEMENT CHARACTER.
2026-02-01 20:11:34,343 - INFO - Letter o: 0 diseases found
2026-02-01 20:11:35,072 - WARNING - Some characters could not be decoded, and were replaced with REPLACEMENT CHARACTER.
2026-02-01 20:11:36,592 - WARNING - Some characters could not be decoded, and were replaced with REPLACEMENT CHARACTER.
2026-02-01 20:11:36,593 - INFO - Letter p: 0 diseases found
2026-02-01 20:11:37,361 - WARNING - Some characters could not be decoded, and were replaced with REPLACEMENT CHARACTER.
2026-02-01 20:11:38,923 - WARNING - Some characters could not be decoded, and were replaced with REPLACEMENT CHARACTER.
2026-02-01 20:11:38,925 - INFO - Letter q: 0 diseases found
2026-02-01 20:11:39,663 - WARNING - Some characters could not be decoded, and were replaced with REPLACEMENT CHARACTER.
2026-02-01 20:11:41,382 - WARNING - Some characters could not be decoded, and were replaced with REPLACEMENT CHARACTER.
2026-02-01 20:11:41,382 - INFO - Letter r: 0 diseases found
2026-02-01 20:11:42,275 - WARNING - Some characters could not be decoded, and were replaced with REPLACEMENT CHARACTER.
2026-02-01 20:11:43,396 - WARNING - Some characters could not be decoded, and were replaced with REPLACEMENT CHARACTER.
2026-02-01 20:11:43,398 - INFO - Letter s: 0 diseases found
2026-02-01 20:11:44,169 - WARNING - Some characters could not be decoded, and were replaced with REPLACEMENT CHARACTER.
2026-02-01 20:11:45,234 - WARNING - Some characters could not be decoded, and were replaced with REPLACEMENT CHARACTER.
2026-02-01 20:11:45,236 - INFO - Letter t: 0 diseases found
2026-02-01 20:11:45,979 - WARNING - Some characters could not be decoded, and were replaced with REPLACEMENT CHARACTER.
2026-02-01 20:11:47,201 - WARNING - Some characters could not be decoded, and were replaced with REPLACEMENT CHARACTER.
2026-02-01 20:11:47,203 - INFO - Letter u: 0 diseases found
2026-02-01 20:11:47,941 - WARNING - Some characters could not be decoded, and were replaced with REPLACEMENT CHARACTER.
2026-02-01 20:11:48,945 - WARNING - Some characters could not be decoded, and were replaced with REPLACEMENT CHARACTER.
2026-02-01 20:11:48,947 - INFO - Letter v: 0 diseases found
2026-02-01 20:11:49,694 - WARNING - Some characters could not be decoded, and were replaced with REPLACEMENT CHARACTER.
2026-02-01 20:11:50,818 - WARNING - Some characters could not be decoded, and were replaced with REPLACEMENT CHARACTER.
2026-02-01 20:11:50,821 - INFO - Letter w: 0 diseases found
2026-02-01 20:11:51,581 - WARNING - Some characters could not be decoded, and were replaced with REPLACEMENT CHARACTER.
2026-02-01 20:11:52,779 - WARNING - Some characters could not be decoded, and were replaced with REPLACEMENT CHARACTER.
2026-02-01 20:11:52,783 - INFO - Letter x: 0 diseases found
2026-02-01 20:11:53,521 - WARNING - Some characters could not be decoded, and were replaced with REPLACEMENT CHARACTER.
2026-02-01 20:11:55,157 - WARNING - Some characters could not be decoded, and were replaced with REPLACEMENT CHARACTER.
2026-02-01 20:11:55,160 - INFO - Letter y: 0 diseases found
2026-02-01 20:11:55,903 - WARNING - Some characters could not be decoded, and were replaced with REPLACEMENT CHARACTER.
2026-02-01 20:11:57,173 - WARNING - Some characters could not be decoded, and were replaced with REPLACEMENT CHARACTER.
2026-02-01 20:11:57,174 - INFO - Letter z: 0 diseases found
2026-02-01 20:11:57,175 - INFO - New diseases to crawl: 0
2026-02-01 20:11:57,176 - INFO - Saved 0 items to vinmec_data_advanced\diseases_detailed.json
2026-02-01 20:11:57,177 - INFO - Starting article crawl...
2026-02-01 20:11:57,177 - INFO - Already crawled: 0 articles
2026-02-01 20:11:58,108 - WARNING - Some characters could not be decoded, and were replaced with REPLACEMENT CHARACTER.
2026-02-01 20:11:58,109 - INFO - New articles to crawl: 0
2026-02-01 20:11:58,111 - INFO - Saved 0 items to vinmec_data_advanced\articles_detailed.json
2026-02-01 20:11:58,112 - INFO - Saved 0 items to vinmec_data_advanced\qa_pairs.json
2026-02-01 20:11:58,113 - INFO - Created 0 Q&A pairs
2026-02-01 20:11:58,117 - INFO - Saved 0 items to vinmec_data_advanced\training_corpus.json
2026-02-01 20:11:58,117 - INFO - Created training corpus with 0 documents
