2026-02-03 07:05:42,522 - INFO - Đã có 0 bài viết trong cache
2026-02-03 07:05:42,522 - INFO - Khởi tạo Selenium...
2026-02-03 07:05:42,523 - INFO - ====== WebDriver manager ======
2026-02-03 07:05:50,556 - INFO - Get LATEST chromedriver version for google-chrome
2026-02-03 07:05:53,219 - INFO - Get LATEST chromedriver version for google-chrome
2026-02-03 07:05:55,577 - INFO - Driver [C:\Users\LENOVO\.wdm\drivers\chromedriver\win64\144.0.7559.109\chromedriver-win32/chromedriver.exe] found in cache
2026-02-03 07:05:58,696 - INFO - 
============================================================
2026-02-03 07:05:58,710 - INFO - 📁 CRAWLING: Dị ứng (/di-ung/)
2026-02-03 07:05:58,716 - INFO - ============================================================
2026-02-03 07:05:58,783 - INFO -   📂 Bước 1: Tìm subcategories...
2026-02-03 07:06:41,224 - INFO -   ✓ Tìm thấy 5 subcategories
2026-02-03 07:06:41,226 - INFO -   📄 Bước 2: Lấy bài viết từ trang chính...
2026-02-03 07:10:57,307 - INFO -   ✓ Từ trang chính: 159 bài viết
2026-02-03 07:10:57,364 - INFO -   📂 Bước 3: Crawl 5 subcategories...
2026-02-03 07:12:39,094 - INFO -     [1/5] di-ung-thuc-an: +0 mới (tổng: 159)
2026-02-03 07:14:18,852 - INFO -     [2/5] di-ung-khac: +3 mới (tổng: 162)
2026-02-03 07:15:14,759 - INFO -     [3/5] di-ung-mat-mui: +0 mới (tổng: 162)
2026-02-03 07:16:33,893 - INFO -     [4/5] di-ung-dong-vat-con-trung: +0 mới (tổng: 162)
2026-02-03 07:17:51,404 - INFO -     [5/5] di-ung-da: +0 mới (tổng: 162)
2026-02-03 07:17:51,435 - INFO - 
  ✅ TỔNG Dị ứng: 162 URLs bài viết
2026-02-03 07:17:51,513 - INFO - 
============================================================
2026-02-03 07:17:51,518 - INFO - 📁 CRAWLING: Bệnh cơ xương khớp (/benh-co-xuong-khop/)
2026-02-03 07:17:51,519 - INFO - ============================================================
2026-02-03 07:17:51,521 - INFO -   📂 Bước 1: Tìm subcategories...
2026-02-03 07:18:02,704 - INFO -   ✓ Tìm thấy 10 subcategories
2026-02-03 07:18:02,749 - INFO -   📄 Bước 2: Lấy bài viết từ trang chính...
2026-02-03 07:21:13,496 - WARNING - Lỗi khi load https://hellobacsi.com/benh-co-xuong-khop/?page=11: Message: timeout: Timed out receiving message from renderer: 2.865
  (Session info: chrome=144.0.7559.110)
Stacktrace:
Symbols not available. Dumping unresolved backtrace:
	0x1188543
	0x1188584
	0xf7b4e0
	0xf6b893
	0xf6b5c5
	0xf696d8
	0xf69f26
	0xf76d8b
	0xf88abe
	0xf8e4f6
	0xf6a5ac
	0xf88853
	0x10056c1
	0xfe7fb6
	0xfb96f9
	0xfba4b4
	0x13dd034
	0x13d82c9
	0x13f6460
	0x11a1a68
	0x11a988d
	0x1190df8
	0x1190fc2
	0x117ab3a
	0x77815d49
	0x77dad83b
	0x77dad7c1

2026-02-03 07:21:13,878 - INFO -   ✓ Từ trang chính: 121 bài viết
2026-02-03 07:21:13,958 - INFO -   📂 Bước 3: Crawl 10 subcategories...
2026-02-03 07:22:20,004 - INFO -     [1/10] chan-thuong-chinh-hinh: +3 mới (tổng: 124)
2026-02-03 07:25:14,513 - INFO -     [2/10] van-de-khop-day-chang-khac: +98 mới (tổng: 222)
2026-02-03 07:26:09,078 - INFO -     [3/10] van-de-xuong-khac: +47 mới (tổng: 269)
2026-02-03 07:26:40,244 - INFO -     [4/10] loang-xuong: +12 mới (tổng: 281)
2026-02-03 07:28:50,316 - INFO -     [5/10] dau-co-xuong-khop: +102 mới (tổng: 383)
2026-02-03 07:30:17,004 - INFO -     [6/10] viem-khop: +74 mới (tổng: 457)
2026-02-03 07:31:19,422 - INFO -     [7/10] lam-the-nao-de-dieu-tri-thoai-hoa-khop-goi-an-toan-hieu-qua: +3 mới (tổng: 460)
2026-02-03 07:32:15,408 - INFO -     [8/10] ran-xuong-gay-xuong: +39 mới (tổng: 499)
2026-02-03 07:33:10,838 - INFO -     [9/10] hay-can-than-con-dau-khop-cua-ban-co-the-la-viem-cot-song-dinh-khop: +0 mới (tổng: 499)
2026-02-03 07:34:07,883 - INFO -     [10/10] thoai-hoa-khop-dieu-tri-khong-chi-can-giam-dau: +0 mới (tổng: 499)
2026-02-03 07:34:08,514 - INFO - 
  ✅ TỔNG Bệnh cơ xương khớp: 499 URLs bài viết
2026-02-03 07:34:08,829 - INFO - 
============================================================
2026-02-03 07:34:08,862 - INFO - 📁 CRAWLING: Bệnh về máu (/benh-ve-mau/)
2026-02-03 07:34:08,865 - INFO - ============================================================
2026-02-03 07:34:08,867 - INFO -   📂 Bước 1: Tìm subcategories...
2026-02-03 07:34:19,810 - INFO -   ✓ Tìm thấy 8 subcategories
2026-02-03 07:34:19,812 - INFO -   📄 Bước 2: Lấy bài viết từ trang chính...
2026-02-03 07:36:42,055 - INFO -   ✓ Từ trang chính: 160 bài viết
2026-02-03 07:36:42,056 - INFO -   📂 Bước 3: Crawl 8 subcategories...
2026-02-03 07:37:05,971 - INFO -     [1/8] roi-loan-tieu-cau: +0 mới (tổng: 160)
2026-02-03 07:37:54,753 - INFO -     [2/8] nhung-dieu-can-biet-ve-benh-giam-tieu-cau-mien-dich: +4 mới (tổng: 164)
2026-02-03 07:38:10,425 - INFO -     [3/8] benh-bach-cau: +0 mới (tổng: 164)
2026-02-03 07:39:10,678 - INFO -     [4/8] thieu-mau: +26 mới (tổng: 190)
2026-02-03 07:40:03,814 - INFO -     [5/8] nhan-dien-benh-giam-tieu-cau-mien-dich: +0 mới (tổng: 190)
2026-02-03 07:41:08,275 - INFO -     [6/8] van-de-mau-khac: +11 mới (tổng: 201)
2026-02-03 07:41:25,713 - INFO -     [7/8] hemophilia-mau-kho-dong: +3 mới (tổng: 204)
2026-02-03 07:41:45,754 - INFO -     [8/8] thalassemia-tan-mau-bam-sinh: +0 mới (tổng: 204)
2026-02-03 07:41:45,761 - INFO - 
  ✅ TỔNG Bệnh về máu: 204 URLs bài viết
2026-02-03 07:41:45,767 - INFO - 
============================================================
2026-02-03 07:41:45,774 - INFO - 📁 CRAWLING: Bệnh truyền nhiễm (/benh-truyen-nhiem/)
2026-02-03 07:41:45,778 - INFO - ============================================================
2026-02-03 07:41:45,779 - INFO -   📂 Bước 1: Tìm subcategories...
2026-02-03 07:41:56,687 - INFO -   ✓ Tìm thấy 13 subcategories
2026-02-03 07:41:56,687 - INFO -   📄 Bước 2: Lấy bài viết từ trang chính...
2026-02-03 07:43:45,291 - INFO -   ✓ Từ trang chính: 168 bài viết
2026-02-03 07:43:45,292 - INFO -   📂 Bước 3: Crawl 13 subcategories...
2026-02-03 07:44:00,389 - INFO -     [1/13] nhiem-trung-duong-khong-khi: +2 mới (tổng: 170)
2026-02-03 07:44:15,780 - INFO -     [2/13] zika: +1 mới (tổng: 171)
2026-02-03 07:44:53,618 - INFO -     [3/13] coronavirus: +2 mới (tổng: 173)
2026-02-03 07:46:07,350 - INFO -     [4/13] sot-xuat-huyet: +11 mới (tổng: 184)
2026-02-03 07:46:31,983 - INFO -     [5/13] nhiem-trung-duong-an-uong: +16 mới (tổng: 200)
2026-02-03 07:46:47,448 - INFO -     [6/13] mun-rop: +3 mới (tổng: 203)
2026-02-03 07:47:10,994 - INFO -     [7/13] nhiem-trung-do-con-trung: +20 mới (tổng: 223)
2026-02-03 07:47:29,507 - INFO -     [8/13] viem-mang-nao: +3 mới (tổng: 226)
2026-02-03 07:47:42,754 - INFO -     [9/13] thuong-han: +0 mới (tổng: 226)
2026-02-03 07:48:24,990 - INFO -     [10/13] van-de-nhiem-khuan-khac: +31 mới (tổng: 257)
2026-02-03 07:48:39,048 - INFO -     [11/13] nhiem-trung-duong-ho-hap: +9 mới (tổng: 266)
2026-02-03 07:48:52,161 - INFO -     [12/13] rsv: +0 mới (tổng: 266)
2026-02-03 07:49:43,750 - INFO -     [13/13] benh-truyen-nhiem-khac: +44 mới (tổng: 310)
2026-02-03 07:49:43,750 - INFO - 
  ✅ TỔNG Bệnh truyền nhiễm: 310 URLs bài viết
2026-02-03 07:49:43,753 - INFO - 
============================================================
2026-02-03 07:49:43,754 - INFO - 📁 CRAWLING: Sức khỏe mắt (/nhan-khoa/)
2026-02-03 07:49:43,754 - INFO - ============================================================
2026-02-03 07:49:43,754 - INFO -   📂 Bước 1: Tìm subcategories...
2026-02-03 07:49:49,245 - INFO -   ✓ Tìm thấy 8 subcategories
2026-02-03 07:49:49,245 - INFO -   📄 Bước 2: Lấy bài viết từ trang chính...
2026-02-03 07:51:28,189 - INFO -   ✓ Từ trang chính: 160 bài viết
2026-02-03 07:51:28,191 - INFO -   📂 Bước 3: Crawl 8 subcategories...
2026-02-03 07:53:29,581 - INFO -     [1/8] benh-nhan-khoa: +41 mới (tổng: 201)
2026-02-03 07:54:16,821 - INFO -     [2/8] 5-tuyet-chieu-giu-cho-doi-mat-khoe-dep: +10 mới (tổng: 211)
2026-02-03 07:55:03,058 - INFO -     [3/8] suy-giam-mat-thi-luc: +18 mới (tổng: 229)
2026-02-03 07:55:40,724 - INFO -     [4/8] cham-soc-mat: +25 mới (tổng: 254)
2026-02-03 07:55:55,409 - INFO -     [5/8] duc-thuy-tinh-the: +3 mới (tổng: 257)
2026-02-03 07:57:19,402 - INFO -     [6/8] nhu%cc%83ng-hie%cc%89u-lam-ve-be%cc%a3nh-glocom: +8 mới (tổng: 265)
2026-02-03 07:58:25,775 - INFO -     [7/8] cac-van-de-ve-mat-khac: +51 mới (tổng: 316)
2026-02-03 07:58:54,019 - INFO -     [8/8] cuom-nuoc-glocom: +14 mới (tổng: 330)
2026-02-03 07:58:54,019 - INFO - 
  ✅ TỔNG Sức khỏe mắt: 330 URLs bài viết
2026-02-03 07:58:57,730 - INFO - 
📊 Phase 1 Hoàn tất:
2026-02-03 07:58:57,731 - INFO -    - Tổng URLs: 1463
2026-02-03 07:58:57,731 - INFO -    - Đã crawl: 0
2026-02-03 07:58:57,731 - INFO -    - URLs mới: 1463
2026-02-03 07:58:58,826 - INFO - 💾 Saved: 0 articles -> hellobacsi_data_4\articles_4.json
2026-02-03 07:58:59,585 - INFO - 💾 Saved: 0 articles -> hellobacsi_data_4\articles_4.json
2026-02-03 07:59:00,605 - INFO - 💾 Saved: 0 articles -> hellobacsi_data_4\articles_4.json
2026-02-03 07:59:01,162 - INFO - 💾 Saved: 0 articles -> hellobacsi_data_4\articles_4.json
2026-02-03 07:59:01,760 - INFO - 💾 Saved: 0 articles -> hellobacsi_data_4\articles_4.json
2026-02-03 07:59:02,396 - INFO - 💾 Saved: 0 articles -> hellobacsi_data_4\articles_4.json
2026-02-03 07:59:02,918 - INFO - 💾 Saved: 0 articles -> hellobacsi_data_4\articles_4.json
2026-02-03 07:59:03,476 - INFO - 💾 Saved: 0 articles -> hellobacsi_data_4\articles_4.json
2026-02-03 07:59:38,251 - INFO - [28/1463] ✓ Đã crawl 20 bài viết
2026-02-03 08:01:11,824 - INFO - [49/1463] ✓ Đã crawl 40 bài viết
2026-02-03 08:01:31,405 - INFO - 💾 Saved: 50 articles -> hellobacsi_data_4\articles_4.json
2026-02-03 08:01:50,066 - INFO - [69/1463] ✓ Đã crawl 60 bài viết
2026-02-03 08:02:28,045 - INFO - [89/1463] ✓ Đã crawl 80 bài viết
2026-02-03 08:03:17,622 - INFO - [109/1463] ✓ Đã crawl 100 bài viết
2026-02-03 08:03:17,630 - INFO - 💾 Saved: 100 articles -> hellobacsi_data_4\articles_4.json
2026-02-03 08:03:55,541 - INFO - [129/1463] ✓ Đã crawl 120 bài viết
2026-02-03 08:04:37,378 - INFO - [149/1463] ✓ Đã crawl 140 bài viết
2026-02-03 08:04:55,446 - INFO - 💾 Saved: 150 articles -> hellobacsi_data_4\articles_4.json
2026-02-03 08:05:11,164 - INFO - [170/1463] ✓ Đã crawl 160 bài viết
2026-02-03 08:05:35,466 - INFO - [190/1463] ✓ Đã crawl 180 bài viết
2026-02-03 08:06:43,201 - INFO - [211/1463] ✓ Đã crawl 200 bài viết
2026-02-03 08:06:43,215 - INFO - 💾 Saved: 200 articles -> hellobacsi_data_4\articles_4.json
2026-02-03 08:07:21,359 - INFO - [231/1463] ✓ Đã crawl 220 bài viết
2026-02-03 08:08:11,428 - INFO - [251/1463] ✓ Đã crawl 240 bài viết
2026-02-03 08:08:35,751 - INFO - 💾 Saved: 250 articles -> hellobacsi_data_4\articles_4.json
2026-02-03 08:08:54,513 - INFO - [271/1463] ✓ Đã crawl 260 bài viết
2026-02-03 08:09:52,955 - INFO - [291/1463] ✓ Đã crawl 280 bài viết
2026-02-03 08:10:47,148 - INFO - [311/1463] ✓ Đã crawl 300 bài viết
2026-02-03 08:10:47,170 - INFO - 💾 Saved: 300 articles -> hellobacsi_data_4\articles_4.json
2026-02-03 08:12:02,903 - INFO - [331/1463] ✓ Đã crawl 320 bài viết
2026-02-03 08:12:52,235 - INFO - [351/1463] ✓ Đã crawl 340 bài viết
2026-02-03 08:13:19,521 - INFO - 💾 Saved: 350 articles -> hellobacsi_data_4\articles_4.json
2026-02-03 08:13:38,384 - INFO - [371/1463] ✓ Đã crawl 360 bài viết
2026-02-03 08:14:24,394 - INFO - [391/1463] ✓ Đã crawl 380 bài viết
2026-02-03 08:15:18,593 - INFO - [411/1463] ✓ Đã crawl 400 bài viết
2026-02-03 08:15:18,619 - INFO - 💾 Saved: 400 articles -> hellobacsi_data_4\articles_4.json
2026-02-03 08:16:03,353 - INFO - [432/1463] ✓ Đã crawl 420 bài viết
2026-02-03 08:16:45,559 - INFO - [452/1463] ✓ Đã crawl 440 bài viết
2026-02-03 08:17:03,221 - INFO - 💾 Saved: 450 articles -> hellobacsi_data_4\articles_4.json
2026-02-03 08:17:20,973 - INFO - [472/1463] ✓ Đã crawl 460 bài viết
2026-02-03 08:18:05,764 - INFO - [492/1463] ✓ Đã crawl 480 bài viết
2026-02-03 08:18:41,067 - INFO - [512/1463] ✓ Đã crawl 500 bài viết
2026-02-03 08:18:41,098 - INFO - 💾 Saved: 500 articles -> hellobacsi_data_4\articles_4.json
2026-02-03 08:19:16,228 - INFO - [532/1463] ✓ Đã crawl 520 bài viết
2026-02-03 08:20:22,882 - INFO - [553/1463] ✓ Đã crawl 540 bài viết
2026-02-03 08:20:52,153 - INFO - 💾 Saved: 550 articles -> hellobacsi_data_4\articles_4.json
2026-02-03 08:21:23,569 - INFO - [573/1463] ✓ Đã crawl 560 bài viết
2026-02-03 08:22:32,466 - INFO - [593/1463] ✓ Đã crawl 580 bài viết
2026-02-03 08:23:25,694 - INFO - [615/1463] ✓ Đã crawl 600 bài viết
2026-02-03 08:23:25,734 - INFO - 💾 Saved: 600 articles -> hellobacsi_data_4\articles_4.json
2026-02-03 08:24:30,519 - INFO - [635/1463] ✓ Đã crawl 620 bài viết
2026-02-03 08:25:11,790 - INFO - [655/1463] ✓ Đã crawl 640 bài viết
2026-02-03 08:25:22,734 - INFO - 💾 Saved: 650 articles -> hellobacsi_data_4\articles_4.json
2026-02-03 08:25:34,857 - INFO - [675/1463] ✓ Đã crawl 660 bài viết
2026-02-03 08:26:08,908 - INFO - [695/1463] ✓ Đã crawl 680 bài viết
2026-02-03 08:26:45,493 - INFO - [715/1463] ✓ Đã crawl 700 bài viết
2026-02-03 08:26:45,538 - INFO - 💾 Saved: 700 articles -> hellobacsi_data_4\articles_4.json
2026-02-03 08:27:28,687 - INFO - [735/1463] ✓ Đã crawl 720 bài viết
2026-02-03 08:28:19,514 - INFO - [755/1463] ✓ Đã crawl 740 bài viết
2026-02-03 08:28:53,817 - INFO - 💾 Saved: 750 articles -> hellobacsi_data_4\articles_4.json
2026-02-03 08:29:14,750 - INFO - [775/1463] ✓ Đã crawl 760 bài viết
2026-02-03 08:29:53,563 - INFO - [795/1463] ✓ Đã crawl 780 bài viết
2026-02-03 08:31:30,392 - INFO - [816/1463] ✓ Đã crawl 800 bài viết
2026-02-03 08:31:30,454 - INFO - 💾 Saved: 800 articles -> hellobacsi_data_4\articles_4.json
2026-02-03 08:32:26,356 - INFO - [836/1463] ✓ Đã crawl 820 bài viết
2026-02-03 08:33:21,341 - INFO - [858/1463] ✓ Đã crawl 840 bài viết
2026-02-03 08:33:45,266 - INFO - 💾 Saved: 850 articles -> hellobacsi_data_4\articles_4.json
2026-02-03 08:34:26,221 - INFO - [878/1463] ✓ Đã crawl 860 bài viết
2026-02-03 08:35:33,912 - INFO - [899/1463] ✓ Đã crawl 880 bài viết
2026-02-03 08:36:25,634 - INFO - [920/1463] ✓ Đã crawl 900 bài viết
2026-02-03 08:36:25,697 - INFO - 💾 Saved: 900 articles -> hellobacsi_data_4\articles_4.json
2026-02-03 08:37:30,996 - INFO - [940/1463] ✓ Đã crawl 920 bài viết
2026-02-03 08:38:53,233 - INFO - [960/1463] ✓ Đã crawl 940 bài viết
2026-02-03 08:39:43,433 - INFO - 💾 Saved: 950 articles -> hellobacsi_data_4\articles_4.json
2026-02-03 08:40:34,172 - INFO - [980/1463] ✓ Đã crawl 960 bài viết
2026-02-03 08:42:18,073 - INFO - [1000/1463] ✓ Đã crawl 980 bài viết
2026-02-03 08:44:12,621 - INFO - [1020/1463] ✓ Đã crawl 1000 bài viết
2026-02-03 08:44:12,742 - INFO - 💾 Saved: 1000 articles -> hellobacsi_data_4\articles_4.json
2026-02-03 08:45:52,770 - INFO - [1041/1463] ✓ Đã crawl 1020 bài viết
2026-02-03 08:47:35,223 - INFO - [1062/1463] ✓ Đã crawl 1040 bài viết
2026-02-03 09:58:25,804 - INFO - 💾 Saved: 1050 articles -> hellobacsi_data_4\articles_4.json
2026-02-03 09:58:49,949 - INFO - [1082/1463] ✓ Đã crawl 1060 bài viết
2026-02-03 09:59:32,200 - INFO - [1103/1463] ✓ Đã crawl 1080 bài viết
2026-02-03 10:00:26,908 - INFO - [1123/1463] ✓ Đã crawl 1100 bài viết
2026-02-03 10:00:26,993 - INFO - 💾 Saved: 1100 articles -> hellobacsi_data_4\articles_4.json
2026-02-03 10:01:10,320 - INFO - [1143/1463] ✓ Đã crawl 1120 bài viết
2026-02-03 10:01:41,354 - INFO - [1163/1463] ✓ Đã crawl 1140 bài viết
2026-02-03 10:01:55,103 - INFO - 💾 Saved: 1150 articles -> hellobacsi_data_4\articles_4.json
2026-02-03 10:02:17,893 - INFO - [1183/1463] ✓ Đã crawl 1160 bài viết
2026-02-03 10:02:58,892 - INFO - [1203/1463] ✓ Đã crawl 1180 bài viết
2026-02-03 10:03:51,715 - INFO - [1223/1463] ✓ Đã crawl 1200 bài viết
2026-02-03 10:03:51,823 - INFO - 💾 Saved: 1200 articles -> hellobacsi_data_4\articles_4.json
2026-02-03 10:05:03,772 - INFO - [1243/1463] ✓ Đã crawl 1220 bài viết
2026-02-03 10:06:07,193 - INFO - [1263/1463] ✓ Đã crawl 1240 bài viết
2026-02-03 10:06:43,159 - INFO - 💾 Saved: 1250 articles -> hellobacsi_data_4\articles_4.json
2026-02-03 10:07:06,360 - INFO - [1283/1463] ✓ Đã crawl 1260 bài viết
2026-02-03 10:07:51,290 - INFO - [1303/1463] ✓ Đã crawl 1280 bài viết
2026-02-03 10:09:00,385 - INFO - [1323/1463] ✓ Đã crawl 1300 bài viết
2026-02-03 10:09:00,526 - INFO - 💾 Saved: 1300 articles -> hellobacsi_data_4\articles_4.json
2026-02-03 10:10:06,882 - INFO - [1343/1463] ✓ Đã crawl 1320 bài viết
2026-02-03 10:11:30,800 - INFO - [1363/1463] ✓ Đã crawl 1340 bài viết
2026-02-03 10:12:12,391 - INFO - 💾 Saved: 1350 articles -> hellobacsi_data_4\articles_4.json
2026-02-03 10:12:55,272 - INFO - [1383/1463] ✓ Đã crawl 1360 bài viết
2026-02-03 10:13:36,733 - INFO - [1403/1463] ✓ Đã crawl 1380 bài viết
2026-02-03 10:14:18,856 - INFO - [1423/1463] ✓ Đã crawl 1400 bài viết
2026-02-03 10:14:18,959 - INFO - 💾 Saved: 1400 articles -> hellobacsi_data_4\articles_4.json
2026-02-03 10:15:01,373 - INFO - [1443/1463] ✓ Đã crawl 1420 bài viết
2026-02-03 10:15:49,721 - INFO - [1463/1463] ✓ Đã crawl 1440 bài viết
2026-02-03 10:15:50,113 - INFO - 💾 Saved: 1440 articles -> hellobacsi_data_4\articles_4.json
