2026-02-03 07:04:33,084 - INFO - Đã có 0 bài viết trong cache
2026-02-03 07:04:33,084 - INFO - Khởi tạo Selenium...
2026-02-03 07:04:33,084 - INFO - ====== WebDriver manager ======
2026-02-03 07:04:43,465 - INFO - Get LATEST chromedriver version for google-chrome
2026-02-03 07:04:46,522 - INFO - Get LATEST chromedriver version for google-chrome
2026-02-03 07:04:48,656 - INFO - Driver [C:\Users\LENOVO\.wdm\drivers\chromedriver\win64\144.0.7559.109\chromedriver-win32/chromedriver.exe] found in cache
2026-02-03 07:04:50,580 - INFO - 
============================================================
2026-02-03 07:04:50,606 - INFO - 📁 CRAWLING: Bệnh tim mạch (/benh-tim-mach/)
2026-02-03 07:04:50,633 - INFO - ============================================================
2026-02-03 07:04:50,637 - INFO -   📂 Bước 1: Tìm subcategories...
2026-02-03 07:05:05,895 - INFO -   ✓ Tìm thấy 15 subcategories
2026-02-03 07:05:05,897 - INFO -   📄 Bước 2: Lấy bài viết từ trang chính...
2026-02-03 07:08:54,673 - INFO -   ✓ Từ trang chính: 166 bài viết
2026-02-03 07:08:54,683 - INFO -   📂 Bước 3: Crawl 15 subcategories...
2026-02-03 07:09:54,238 - INFO -     [1/15] van-tim: +24 mới (tổng: 190)
2026-02-03 07:11:44,751 - WARNING - Lỗi khi load https://hellobacsi.com/benh-tim-mach/cholesterol/?page=5: Message: timeout: Timed out receiving message from renderer: 45.000
  (Session info: chrome=144.0.7559.110)
Stacktrace:
Symbols not available. Dumping unresolved backtrace:
	0x1188543
	0x1188584
	0xf7b4e0
	0xf6b893
	0xf6b5c5
	0xf696d8
	0xf69f26
	0xf76d8b
	0xf88abe
	0xf8e4f6
	0xf6a5ac
	0xf88853
	0x10052b1
	0xfe7fb6
	0xfb96f9
	0xfba4b4
	0x13dd034
	0x13d82c9
	0x13f6460
	0x11a1a68
	0x11a988d
	0x1190df8
	0x1190fc2
	0x117ab3a
	0x77815d49
	0x77dad83b
	0x77dad7c1

2026-02-03 07:11:44,918 - INFO -     [2/15] cholesterol: +12 mới (tổng: 202)
2026-02-03 07:12:49,386 - WARNING - Lỗi khi load https://hellobacsi.com/benh-tim-mach/suy-tim/: Message: timeout: Timed out receiving message from renderer: 42.626
  (Session info: chrome=144.0.7559.110)
Stacktrace:
Symbols not available. Dumping unresolved backtrace:
	0x1188543
	0x1188584
	0xf7b4e0
	0xf6b893
	0xf6b5c5
	0xf696d8
	0xf69f26
	0xf76d8b
	0xf88abe
	0xf8e4f6
	0xf6a5ac
	0xf88853
	0x10056c1
	0xfe7fb6
	0xfb96f9
	0xfba4b4
	0x13dd034
	0x13d82c9
	0x13f6460
	0x11a1a68
	0x11a988d
	0x1190df8
	0x1190fc2
	0x117ab3a
	0x77815d49
	0x77dad83b
	0x77dad7c1

2026-02-03 07:12:49,388 - INFO -     [3/15] suy-tim: +0 mới (tổng: 202)
2026-02-03 07:18:34,250 - WARNING - Lỗi khi load https://hellobacsi.com/benh-tim-mach/cao-huyet-ap-tang-huyet-ap/?page=14: Message: timeout: Timed out receiving message from renderer: 43.816
  (Session info: chrome=144.0.7559.110)
Stacktrace:
Symbols not available. Dumping unresolved backtrace:
	0x1188543
	0x1188584
	0xf7b4e0
	0xf6b893
	0xf6b5c5
	0xf696d8
	0xf69f26
	0xf76d8b
	0xf88abe
	0xf8e4f6
	0xf6a5ac
	0xf88853
	0x10056c1
	0xfe7fb6
	0xfb96f9
	0xfba4b4
	0x13dd034
	0x13d82c9
	0x13f6460
	0x11a1a68
	0x11a988d
	0x1190df8
	0x1190fc2
	0x117ab3a
	0x77815d49
	0x77dad83b
	0x77dad7c1

2026-02-03 07:18:34,256 - INFO -     [4/15] cao-huyet-ap-tang-huyet-ap: +73 mới (tổng: 275)
2026-02-03 07:19:19,319 - WARNING - Lỗi khi load https://hellobacsi.com/benh-tim-mach/hoi-de-khoe-hon-du-phong-thuyen-tac-huyet-khoi-tinh-mach-tren-nguoi-dot-quy-hello-bacsi-x-sanofi/: Message: timeout: Timed out receiving message from renderer: 45.000
  (Session info: chrome=144.0.7559.110)
Stacktrace:
Symbols not available. Dumping unresolved backtrace:
	0x1188543
	0x1188584
	0xf7b4e0
	0xf6b893
	0xf6b5c5
	0xf696d8
	0xf69f26
	0xf76d8b
	0xf88abe
	0xf8e4f6
	0xf6a5ac
	0xf88853
	0x10052b1
	0xfe7fb6
	0xfb96f9
	0xfba4b4
	0x13dd034
	0x13d82c9
	0x13f6460
	0x11a1a68
	0x11a988d
	0x1190df8
	0x1190fc2
	0x117ab3a
	0x77815d49
	0x77dad83b
	0x77dad7c1

2026-02-03 07:19:19,322 - INFO -     [5/15] hoi-de-khoe-hon-du-phong-thuyen-tac-huyet-khoi-tinh-mach-tren-nguoi-dot-quy-hello-bacsi-x-sanofi: +0 mới (tổng: 275)
2026-02-03 07:20:04,362 - WARNING - Lỗi khi load https://hellobacsi.com/benh-tim-mach/roi-loan-nhip-tim/: Message: timeout: Timed out receiving message from renderer: 45.000
  (Session info: chrome=144.0.7559.110)
Stacktrace:
Symbols not available. Dumping unresolved backtrace:
	0x1188543
	0x1188584
	0xf7b4e0
	0xf6b893
	0xf6b5c5
	0xf696d8
	0xf69f26
	0xf76d8b
	0xf88abe
	0xf8e4f6
	0xf6a5ac
	0xf88853
	0x10052b1
	0xfe7fb6
	0xfb96f9
	0xfba4b4
	0x13dd034
	0x13d82c9
	0x13f6460
	0x11a1a68
	0x11a988d
	0x1190df8
	0x1190fc2
	0x117ab3a
	0x77815d49
	0x77dad83b
	0x77dad7c1

2026-02-03 07:20:04,371 - INFO -     [6/15] roi-loan-nhip-tim: +0 mới (tổng: 275)
2026-02-03 07:20:49,634 - WARNING - Lỗi khi load https://hellobacsi.com/benh-tim-mach/benh-co-tim/: Message: timeout: Timed out receiving message from renderer: 45.000
  (Session info: chrome=144.0.7559.110)
Stacktrace:
Symbols not available. Dumping unresolved backtrace:
	0x1188543
	0x1188584
	0xf7b4e0
	0xf6b893
	0xf6b5c5
	0xf696d8
	0xf69f26
	0xf76d8b
	0xf88abe
	0xf8e4f6
	0xf6a5ac
	0xf88853
	0x10052b1
	0xfe7fb6
	0xfb96f9
	0xfba4b4
	0x13dd034
	0x13d82c9
	0x13f6460
	0x11a1a68
	0x11a988d
	0x1190df8
	0x1190fc2
	0x117ab3a
	0x77815d49
	0x77dad83b
	0x77dad7c1

2026-02-03 07:20:49,648 - INFO -     [7/15] benh-co-tim: +0 mới (tổng: 275)
2026-02-03 07:21:34,991 - WARNING - Lỗi khi load https://hellobacsi.com/benh-tim-mach/hoi-de-khoe-hon-nguoi-bi-benh-dong-mach-vanh-nen-an-gi-hello-bacsi-x-sanofi/: Message: timeout: Timed out receiving message from renderer: 45.000
  (Session info: chrome=144.0.7559.110)
Stacktrace:
Symbols not available. Dumping unresolved backtrace:
	0x1188543
	0x1188584
	0xf7b4e0
	0xf6b893
	0xf6b5c5
	0xf696d8
	0xf69f26
	0xf76d8b
	0xf88abe
	0xf8e4f6
	0xf6a5ac
	0xf88853
	0x10052b1
	0xfe7fb6
	0xfb96f9
	0xfba4b4
	0x13dd034
	0x13d82c9
	0x13f6460
	0x11a1a68
	0x11a988d
	0x1190df8
	0x1190fc2
	0x117ab3a
	0x77815d49
	0x77dad83b
	0x77dad7c1

2026-02-03 07:21:34,992 - INFO -     [8/15] hoi-de-khoe-hon-nguoi-bi-benh-dong-mach-vanh-nen-an-gi-hello-bacsi-x-sanofi: +0 mới (tổng: 275)
2026-02-03 07:22:21,264 - WARNING - Lỗi khi load https://hellobacsi.com/benh-tim-mach/van-de-tim-mach-khac/: Message: timeout: Timed out receiving message from renderer: 45.000
  (Session info: chrome=144.0.7559.110)
Stacktrace:
Symbols not available. Dumping unresolved backtrace:
	0x1188543
	0x1188584
	0xf7b4e0
	0xf6a7f0
	0xf883d9
	0x10052b1
	0xfe7fb6
	0xfb96f9
	0xfba4b4
	0x13dd034
	0x13d82c9
	0x13f6460
	0x11a1a68
	0x11a988d
	0x1190df8
	0x1190fc2
	0x117ab3a
	0x77815d49
	0x77dad83b
	0x77dad7c1

2026-02-03 07:22:21,269 - INFO -     [9/15] van-de-tim-mach-khac: +0 mới (tổng: 275)
2026-02-03 07:23:06,362 - WARNING - Lỗi khi load https://hellobacsi.com/benh-tim-mach/benh-tim-bam-sinh/: Message: timeout: Timed out receiving message from renderer: 45.000
  (Session info: chrome=144.0.7559.110)
Stacktrace:
Symbols not available. Dumping unresolved backtrace:
	0x1188543
	0x1188584
	0xf7b4e0
	0xf6b893
	0xf6b5c5
	0xf696d8
	0xf69f26
	0xf76d8b
	0xf88abe
	0xf8e4f6
	0xf6a5ac
	0xf88853
	0x10052b1
	0xfe7fb6
	0xfb96f9
	0xfba4b4
	0x13dd034
	0x13d82c9
	0x13f6460
	0x11a1a68
	0x11a988d
	0x1190df8
	0x1190fc2
	0x117ab3a
	0x77815d49
	0x77dad83b
	0x77dad7c1

2026-02-03 07:23:06,371 - INFO -     [10/15] benh-tim-bam-sinh: +0 mới (tổng: 275)
2026-02-03 07:23:51,393 - WARNING - Lỗi khi load https://hellobacsi.com/benh-tim-mach/xo-vua-dong-mach/: Message: timeout: Timed out receiving message from renderer: 45.000
  (Session info: chrome=144.0.7559.110)
Stacktrace:
Symbols not available. Dumping unresolved backtrace:
	0x1188543
	0x1188584
	0xf7b4e0
	0xf6b893
	0xf6b5c5
	0xf696d8
	0xf69f26
	0xf76d8b
	0xf88abe
	0xf8e4f6
	0xf6a5ac
	0xf88853
	0x10052b1
	0xfe7fb6
	0xfb96f9
	0xfba4b4
	0x13dd034
	0x13d82c9
	0x13f6460
	0x11a1a68
	0x11a988d
	0x1190df8
	0x1190fc2
	0x117ab3a
	0x77815d49
	0x77dad83b
	0x77dad7c1

2026-02-03 07:23:51,399 - INFO -     [11/15] xo-vua-dong-mach: +0 mới (tổng: 275)
2026-02-03 07:24:36,421 - WARNING - Lỗi khi load https://hellobacsi.com/benh-tim-mach/dong-mach-vanh/: Message: timeout: Timed out receiving message from renderer: 45.000
  (Session info: chrome=144.0.7559.110)
Stacktrace:
Symbols not available. Dumping unresolved backtrace:
	0x1188543
	0x1188584
	0xf7b4e0
	0xf6b893
	0xf6b5c5
	0xf696d8
	0xf69f26
	0xf76d8b
	0xf88abe
	0xf8e4f6
	0xf6a5ac
	0xf88853
	0x10052b1
	0xfe7fb6
	0xfb96f9
	0xfba4b4
	0x13dd034
	0x13d82c9
	0x13f6460
	0x11a1a68
	0x11a988d
	0x1190df8
	0x1190fc2
	0x117ab3a
	0x77815d49
	0x77dad83b
	0x77dad7c1

2026-02-03 07:24:36,424 - INFO -     [12/15] dong-mach-vanh: +0 mới (tổng: 275)
2026-02-03 07:25:21,485 - WARNING - Lỗi khi load https://hellobacsi.com/benh-tim-mach/hoi-de-khoe-hon-benh-nhoi-mau-co-tim-nen-an-gi-va-thay-doi-loi-song-ra-sao-hello-bacsi-x-sanofi/: Message: timeout: Timed out receiving message from renderer: 45.000
  (Session info: chrome=144.0.7559.110)
Stacktrace:
Symbols not available. Dumping unresolved backtrace:
	0x1188543
	0x1188584
	0xf7b4e0
	0xf6b893
	0xf6b5c5
	0xf696d8
	0xf69f26
	0xf76d8b
	0xf88abe
	0xf8e4f6
	0xf6a5ac
	0xf88853
	0x10052b1
	0xfe7fb6
	0xfb96f9
	0xfba4b4
	0x13dd034
	0x13d82c9
	0x13f6460
	0x11a1a68
	0x11a988d
	0x1190df8
	0x1190fc2
	0x117ab3a
	0x77815d49
	0x77dad83b
	0x77dad7c1

2026-02-03 07:25:21,501 - INFO -     [13/15] hoi-de-khoe-hon-benh-nhoi-mau-co-tim-nen-an-gi-va-thay-doi-loi-song-ra-sao-hello-bacsi-x-sanofi: +0 mới (tổng: 275)
2026-02-03 07:26:06,549 - WARNING - Lỗi khi load https://hellobacsi.com/benh-tim-mach/tim-nhiem-trung/: Message: timeout: Timed out receiving message from renderer: 45.000
  (Session info: chrome=144.0.7559.110)
Stacktrace:
Symbols not available. Dumping unresolved backtrace:
	0x1188543
	0x1188584
	0xf7b4e0
	0xf6b893
	0xf6b5c5
	0xf696d8
	0xf69f26
	0xf76d8b
	0xf88abe
	0xf8e4f6
	0xf6a5ac
	0xf88853
	0x10052b1
	0xfe7fb6
	0xfb96f9
	0xfba4b4
	0x13dd034
	0x13d82c9
	0x13f6460
	0x11a1a68
	0x11a988d
	0x1190df8
	0x1190fc2
	0x117ab3a
	0x77815d49
	0x77dad83b
	0x77dad7c1

2026-02-03 07:26:06,556 - INFO -     [14/15] tim-nhiem-trung: +0 mới (tổng: 275)
2026-02-03 07:26:51,584 - WARNING - Lỗi khi load https://hellobacsi.com/benh-tim-mach/benh-tim/: Message: timeout: Timed out receiving message from renderer: 45.000
  (Session info: chrome=144.0.7559.110)
Stacktrace:
Symbols not available. Dumping unresolved backtrace:
	0x1188543
	0x1188584
	0xf7b4e0
	0xf6b893
	0xf6b5c5
	0xf696d8
	0xf69f26
	0xf76d8b
	0xf88abe
	0xf8e4f6
	0xf6a5ac
	0xf88853
	0x10052b1
	0xfe7fb6
	0xfb96f9
	0xfba4b4
	0x13dd034
	0x13d82c9
	0x13f6460
	0x11a1a68
	0x11a988d
	0x1190df8
	0x1190fc2
	0x117ab3a
	0x77815d49
	0x77dad83b
	0x77dad7c1

2026-02-03 07:26:51,587 - INFO -     [15/15] benh-tim: +0 mới (tổng: 275)
2026-02-03 07:26:51,594 - INFO - 
  ✅ TỔNG Bệnh tim mạch: 275 URLs bài viết
2026-02-03 07:26:51,763 - INFO - 
============================================================
2026-02-03 07:26:51,790 - INFO - 📁 CRAWLING: Bệnh hô hấp (/ho-va-benh-duong-ho-hap/)
2026-02-03 07:26:51,798 - INFO - ============================================================
2026-02-03 07:26:51,807 - INFO -   📂 Bước 1: Tìm subcategories...
2026-02-03 07:27:36,875 - WARNING - Lỗi khi load https://hellobacsi.com/ho-va-benh-duong-ho-hap/: Message: timeout: Timed out receiving message from renderer: 45.000
  (Session info: chrome=144.0.7559.110)
Stacktrace:
Symbols not available. Dumping unresolved backtrace:
	0x1188543
	0x1188584
	0xf7b4e0
	0xf6b893
	0xf6b5c5
	0xf696d8
	0xf69f26
	0xf76d8b
	0xf88abe
	0xf8e4f6
	0xf6a5ac
	0xf88853
	0x10052b1
	0xfe7fb6
	0xfb96f9
	0xfba4b4
	0x13dd034
	0x13d82c9
	0x13f6460
	0x11a1a68
	0x11a988d
	0x1190df8
	0x1190fc2
	0x117ab3a
	0x77815d49
	0x77dad83b
	0x77dad7c1

2026-02-03 07:27:36,878 - INFO -   ✓ Tìm thấy 0 subcategories
2026-02-03 07:27:36,880 - INFO -   📄 Bước 2: Lấy bài viết từ trang chính...
2026-02-03 07:28:21,898 - WARNING - Lỗi khi load https://hellobacsi.com/ho-va-benh-duong-ho-hap/: Message: timeout: Timed out receiving message from renderer: 45.000
  (Session info: chrome=144.0.7559.110)
Stacktrace:
Symbols not available. Dumping unresolved backtrace:
	0x1188543
	0x1188584
	0xf7b4e0
	0xf6b893
	0xf6b5c5
	0xf696d8
	0xf69f26
	0xf76d8b
	0xf88abe
	0xf8e4f6
	0xf6a5ac
	0xf88853
	0x10052b1
	0xfe7fb6
	0xfb96f9
	0xfba4b4
	0x13dd034
	0x13d82c9
	0x13f6460
	0x11a1a68
	0x11a988d
	0x1190df8
	0x1190fc2
	0x117ab3a
	0x77815d49
	0x77dad83b
	0x77dad7c1

2026-02-03 07:28:21,899 - INFO -   ✓ Từ trang chính: 0 bài viết
2026-02-03 07:28:21,900 - INFO -   📂 Bước 3: Crawl 0 subcategories...
2026-02-03 07:28:21,900 - INFO - 
  ✅ TỔNG Bệnh hô hấp: 0 URLs bài viết
2026-02-03 07:28:21,912 - INFO - 
============================================================
2026-02-03 07:28:21,912 - INFO - 📁 CRAWLING: Ung thư - Ung bướu (/ung-thu-ung-buou/)
2026-02-03 07:28:21,913 - INFO - ============================================================
2026-02-03 07:28:21,913 - INFO -   📂 Bước 1: Tìm subcategories...
2026-02-03 07:29:06,929 - WARNING - Lỗi khi load https://hellobacsi.com/ung-thu-ung-buou/: Message: timeout: Timed out receiving message from renderer: 45.000
  (Session info: chrome=144.0.7559.110)
Stacktrace:
Symbols not available. Dumping unresolved backtrace:
	0x1188543
	0x1188584
	0xf7b4e0
	0xf6b893
	0xf6b5c5
	0xf696d8
	0xf69f26
	0xf76d8b
	0xf88abe
	0xf8e4f6
	0xf6a5ac
	0xf88853
	0x10052b1
	0xfe7fb6
	0xfb96f9
	0xfba4b4
	0x13dd034
	0x13d82c9
	0x13f6460
	0x11a1a68
	0x11a988d
	0x1190df8
	0x1190fc2
	0x117ab3a
	0x77815d49
	0x77dad83b
	0x77dad7c1

2026-02-03 07:29:06,932 - INFO -   ✓ Tìm thấy 0 subcategories
2026-02-03 07:29:06,956 - INFO -   📄 Bước 2: Lấy bài viết từ trang chính...
2026-02-03 07:29:51,998 - WARNING - Lỗi khi load https://hellobacsi.com/ung-thu-ung-buou/: Message: timeout: Timed out receiving message from renderer: 45.000
  (Session info: chrome=144.0.7559.110)
Stacktrace:
Symbols not available. Dumping unresolved backtrace:
	0x1188543
	0x1188584
	0xf7b4e0
	0xf6b893
	0xf6b5c5
	0xf696d8
	0xf69f26
	0xf76d8b
	0xf88abe
	0xf8e4f6
	0xf6a5ac
	0xf88853
	0x10052b1
	0xfe7fb6
	0xfb96f9
	0xfba4b4
	0x13dd034
	0x13d82c9
	0x13f6460
	0x11a1a68
	0x11a988d
	0x1190df8
	0x1190fc2
	0x117ab3a
	0x77815d49
	0x77dad83b
	0x77dad7c1

2026-02-03 07:29:52,009 - INFO -   ✓ Từ trang chính: 0 bài viết
2026-02-03 07:29:52,010 - INFO -   📂 Bước 3: Crawl 0 subcategories...
2026-02-03 07:29:52,010 - INFO - 
  ✅ TỔNG Ung thư - Ung bướu: 0 URLs bài viết
2026-02-03 07:29:52,031 - INFO - 
============================================================
2026-02-03 07:29:52,033 - INFO - 📁 CRAWLING: Bệnh tiêu hóa (/benh-tieu-hoa/)
2026-02-03 07:29:52,033 - INFO - ============================================================
2026-02-03 07:29:52,034 - INFO -   📂 Bước 1: Tìm subcategories...
2026-02-03 07:30:37,042 - WARNING - Lỗi khi load https://hellobacsi.com/benh-tieu-hoa/: Message: timeout: Timed out receiving message from renderer: 45.000
  (Session info: chrome=144.0.7559.110)
Stacktrace:
Symbols not available. Dumping unresolved backtrace:
	0x1188543
	0x1188584
	0xf7b4e0
	0xf6b893
	0xf6b5c5
	0xf696d8
	0xf69f26
	0xf76d8b
	0xf88abe
	0xf8e4f6
	0xf6a5ac
	0xf88853
	0x10052b1
	0xfe7fb6
	0xfb96f9
	0xfba4b4
	0x13dd034
	0x13d82c9
	0x13f6460
	0x11a1a68
	0x11a988d
	0x1190df8
	0x1190fc2
	0x117ab3a
	0x77815d49
	0x77dad83b
	0x77dad7c1

2026-02-03 07:30:37,047 - INFO -   ✓ Tìm thấy 0 subcategories
2026-02-03 07:30:37,048 - INFO -   📄 Bước 2: Lấy bài viết từ trang chính...
2026-02-03 07:31:22,068 - WARNING - Lỗi khi load https://hellobacsi.com/benh-tieu-hoa/: Message: timeout: Timed out receiving message from renderer: 45.000
  (Session info: chrome=144.0.7559.110)
Stacktrace:
Symbols not available. Dumping unresolved backtrace:
	0x1188543
	0x1188584
	0xf7b4e0
	0xf6b893
	0xf6b5c5
	0xf696d8
	0xf69f26
	0xf76d8b
	0xf88abe
	0xf8e4f6
	0xf6a5ac
	0xf88853
	0x10052b1
	0xfe7fb6
	0xfb96f9
	0xfba4b4
	0x13dd034
	0x13d82c9
	0x13f6460
	0x11a1a68
	0x11a988d
	0x1190df8
	0x1190fc2
	0x117ab3a
	0x77815d49
	0x77dad83b
	0x77dad7c1

2026-02-03 07:31:22,069 - INFO -   ✓ Từ trang chính: 0 bài viết
2026-02-03 07:31:22,069 - INFO -   📂 Bước 3: Crawl 0 subcategories...
2026-02-03 07:31:22,070 - INFO - 
  ✅ TỔNG Bệnh tiêu hóa: 0 URLs bài viết
2026-02-03 07:31:27,480 - INFO - 
📊 Phase 1 Hoàn tất:
2026-02-03 07:31:27,507 - INFO -    - Tổng URLs: 275
2026-02-03 07:31:27,509 - INFO -    - Đã crawl: 0
2026-02-03 07:31:27,525 - INFO -    - URLs mới: 275
2026-02-03 07:31:31,065 - INFO - 💾 Saved: 0 articles -> hellobacsi_data_2\articles_2.json
2026-02-03 07:31:31,659 - INFO - 💾 Saved: 0 articles -> hellobacsi_data_2\articles_2.json
2026-02-03 07:31:32,271 - INFO - 💾 Saved: 0 articles -> hellobacsi_data_2\articles_2.json
2026-02-03 07:31:32,799 - INFO - 💾 Saved: 0 articles -> hellobacsi_data_2\articles_2.json
2026-02-03 07:31:33,409 - INFO - 💾 Saved: 0 articles -> hellobacsi_data_2\articles_2.json
2026-02-03 07:31:34,241 - INFO - 💾 Saved: 0 articles -> hellobacsi_data_2\articles_2.json
2026-02-03 07:31:34,947 - INFO - 💾 Saved: 0 articles -> hellobacsi_data_2\articles_2.json
2026-02-03 07:31:35,447 - INFO - 💾 Saved: 0 articles -> hellobacsi_data_2\articles_2.json
2026-02-03 07:32:14,726 - INFO - [29/275] ✓ Đã crawl 20 bài viết
2026-02-03 07:33:00,138 - INFO - [50/275] ✓ Đã crawl 40 bài viết
2026-02-03 07:33:21,451 - INFO - 💾 Saved: 50 articles -> hellobacsi_data_2\articles_2.json
2026-02-03 07:33:42,671 - INFO - [70/275] ✓ Đã crawl 60 bài viết
2026-02-03 07:34:21,321 - INFO - [90/275] ✓ Đã crawl 80 bài viết
2026-02-03 07:35:07,652 - INFO - [110/275] ✓ Đã crawl 100 bài viết
2026-02-03 07:35:07,696 - INFO - 💾 Saved: 100 articles -> hellobacsi_data_2\articles_2.json
2026-02-03 07:35:51,119 - INFO - [130/275] ✓ Đã crawl 120 bài viết
2026-02-03 07:36:29,399 - INFO - [150/275] ✓ Đã crawl 140 bài viết
2026-02-03 07:36:54,757 - INFO - 💾 Saved: 150 articles -> hellobacsi_data_2\articles_2.json
2026-02-03 07:37:18,622 - INFO - [170/275] ✓ Đã crawl 160 bài viết
2026-02-03 07:37:56,872 - INFO - [190/275] ✓ Đã crawl 180 bài viết
2026-02-03 07:38:43,844 - INFO - [210/275] ✓ Đã crawl 200 bài viết
2026-02-03 07:38:43,910 - INFO - 💾 Saved: 200 articles -> hellobacsi_data_2\articles_2.json
2026-02-03 07:39:25,530 - INFO - [230/275] ✓ Đã crawl 220 bài viết
2026-02-03 07:40:05,467 - INFO - [250/275] ✓ Đã crawl 240 bài viết
2026-02-03 07:40:26,662 - INFO - 💾 Saved: 250 articles -> hellobacsi_data_2\articles_2.json
2026-02-03 07:41:17,536 - INFO - [271/275] ✓ Đã crawl 260 bài viết
2026-02-03 07:41:23,044 - INFO - 💾 Saved: 264 articles -> hellobacsi_data_2\articles_2.json
