2026-02-03 07:05:17,433 - INFO - Đã có 0 bài viết trong cache
2026-02-03 07:05:17,433 - INFO - Khởi tạo Selenium...
2026-02-03 07:05:17,433 - INFO - ====== WebDriver manager ======
2026-02-03 07:05:25,142 - INFO - Get LATEST chromedriver version for google-chrome
2026-02-03 07:05:27,491 - INFO - Get LATEST chromedriver version for google-chrome
2026-02-03 07:05:30,039 - INFO - Driver [C:\Users\LENOVO\.wdm\drivers\chromedriver\win64\144.0.7559.109\chromedriver-win32/chromedriver.exe] found in cache
2026-02-03 07:05:32,298 - INFO - 
============================================================
2026-02-03 07:05:32,298 - INFO - 📁 CRAWLING: Tâm lý - Tâm thần (/tam-ly-tam-than/)
2026-02-03 07:05:32,304 - INFO - ============================================================
2026-02-03 07:05:32,304 - INFO -   📂 Bước 1: Tìm subcategories...
2026-02-03 07:06:50,101 - INFO -   ✓ Tìm thấy 11 subcategories
2026-02-03 07:06:50,130 - INFO -   📄 Bước 2: Lấy bài viết từ trang chính...
2026-02-03 07:10:54,949 - WARNING - Lỗi khi load https://hellobacsi.com/tam-ly-tam-than/?page=9: Message: timeout: Timed out receiving message from renderer: 45.000
  (Session info: chrome=144.0.7559.110)
Stacktrace:
Symbols not available. Dumping unresolved backtrace:
	0x1188543
	0x1188584
	0xf7b4e0
	0xf6b893
	0xf6b5c5
	0xf696d8
	0xf69f26
	0xf76d8b
	0xf88abe
	0xf8e4f6
	0xf6a5ac
	0xf88853
	0x10052b1
	0xfe7fb6
	0xfb96f9
	0xfba4b4
	0x13dd034
	0x13d82c9
	0x13f6460
	0x11a1a68
	0x11a988d
	0x1190df8
	0x1190fc2
	0x117ab3a
	0x77815d49
	0x77dad83b
	0x77dad7c1

2026-02-03 07:10:55,013 - INFO -   ✓ Từ trang chính: 103 bài viết
2026-02-03 07:10:55,037 - INFO -   📂 Bước 3: Crawl 11 subcategories...
2026-02-03 07:11:40,102 - WARNING - Lỗi khi load https://hellobacsi.com/tam-ly-tam-than/tram-cam-roi-loan-cam-xuc/: Message: timeout: Timed out receiving message from renderer: 41.868
  (Session info: chrome=144.0.7559.110)
Stacktrace:
Symbols not available. Dumping unresolved backtrace:
	0x1188543
	0x1188584
	0xf7b4e0
	0xf6b893
	0xf6b5c5
	0xf696d8
	0xf69f26
	0xf76d8b
	0xf88abe
	0xf8e4f6
	0xf6a5ac
	0xf88853
	0x10056c1
	0xfe7fb6
	0xfb96f9
	0xfba4b4
	0x13dd034
	0x13d82c9
	0x13f6460
	0x11a1a68
	0x11a988d
	0x1190df8
	0x1190fc2
	0x117ab3a
	0x77815d49
	0x77dad83b
	0x77dad7c1

2026-02-03 07:11:40,117 - INFO -     [1/11] tram-cam-roi-loan-cam-xuc: +0 mới (tổng: 103)
2026-02-03 07:12:56,128 - WARNING - Lỗi khi load https://hellobacsi.com/tam-ly-tam-than/roi-loan-phat-trien/?page=2: Message: timeout: Timed out receiving message from renderer: 45.000
  (Session info: chrome=144.0.7559.110)
Stacktrace:
Symbols not available. Dumping unresolved backtrace:
	0x1188543
	0x1188584
	0xf7b4e0
	0xf6b893
	0xf6b5c5
	0xf696d8
	0xf69f26
	0xf76d8b
	0xf88abe
	0xf8e4f6
	0xf6a5ac
	0xf88853
	0x10052b1
	0xfe7fb6
	0xfb96f9
	0xfba4b4
	0x13dd034
	0x13d82c9
	0x13f6460
	0x11a1a68
	0x11a988d
	0x1190df8
	0x1190fc2
	0x117ab3a
	0x77815d49
	0x77dad83b
	0x77dad7c1

2026-02-03 07:12:56,550 - INFO -     [2/11] roi-loan-phat-trien: +1 mới (tổng: 104)
2026-02-03 07:13:42,174 - WARNING - Lỗi khi load https://hellobacsi.com/tam-ly-tam-than/phong-ngua-tu-tu/: Message: timeout: Timed out receiving message from renderer: 45.000
  (Session info: chrome=144.0.7559.110)
Stacktrace:
Symbols not available. Dumping unresolved backtrace:
	0x1188543
	0x1188584
	0xf7b4e0
	0xf6b893
	0xf6b5c5
	0xf696d8
	0xf69f26
	0xf76d8b
	0xf88abe
	0xf8e4f6
	0xf6a5ac
	0xf88853
	0x10052b1
	0xfe7fb6
	0xfb96f9
	0xfba4b4
	0x13dd034
	0x13d82c9
	0x13f6460
	0x11a1a68
	0x11a988d
	0x1190df8
	0x1190fc2
	0x117ab3a
	0x77815d49
	0x77dad83b
	0x77dad7c1

2026-02-03 07:13:42,392 - INFO -     [3/11] phong-ngua-tu-tu: +0 mới (tổng: 104)
2026-02-03 07:14:27,998 - WARNING - Lỗi khi load https://hellobacsi.com/tam-ly-tam-than/hello-bacsi-7-cach-thu-vi-giup-ban-giam-cang-thang/: Message: timeout: Timed out receiving message from renderer: 45.000
  (Session info: chrome=144.0.7559.110)
Stacktrace:
Symbols not available. Dumping unresolved backtrace:
	0x1188543
	0x1188584
	0xf7b4e0
	0xf6b893
	0xf6b5c5
	0xf696d8
	0xf69f26
	0xf76d8b
	0xf88abe
	0xf8e4f6
	0xf6a5ac
	0xf88853
	0x10052b1
	0xfe7fb6
	0xfb96f9
	0xfba4b4
	0x13dd034
	0x13d82c9
	0x13f6460
	0x11a1a68
	0x11a988d
	0x1190df8
	0x1190fc2
	0x117ab3a
	0x77815d49
	0x77dad83b
	0x77dad7c1

2026-02-03 07:14:28,076 - INFO -     [4/11] hello-bacsi-7-cach-thu-vi-giup-ban-giam-cang-thang: +0 mới (tổng: 104)
2026-02-03 07:15:13,143 - WARNING - Lỗi khi load https://hellobacsi.com/tam-ly-tam-than/roi-loan-lo-au/: Message: timeout: Timed out receiving message from renderer: 45.000
  (Session info: chrome=144.0.7559.110)
Stacktrace:
Symbols not available. Dumping unresolved backtrace:
	0x1188543
	0x1188584
	0xf7b4e0
	0xf6b893
	0xf6b5c5
	0xf696d8
	0xf69f26
	0xf76d8b
	0xf88abe
	0xf8e4f6
	0xf6a5ac
	0xf88853
	0x10052b1
	0xfe7fb6
	0xfb96f9
	0xfba4b4
	0x13dd034
	0x13d82c9
	0x13f6460
	0x11a1a68
	0x11a988d
	0x1190df8
	0x1190fc2
	0x117ab3a
	0x77815d49
	0x77dad83b
	0x77dad7c1

2026-02-03 07:15:13,170 - INFO -     [5/11] roi-loan-lo-au: +0 mới (tổng: 104)
2026-02-03 07:15:58,190 - WARNING - Lỗi khi load https://hellobacsi.com/tam-ly-tam-than/moi-quan-he/: Message: timeout: Timed out receiving message from renderer: 45.000
  (Session info: chrome=144.0.7559.110)
Stacktrace:
Symbols not available. Dumping unresolved backtrace:
	0x1188543
	0x1188584
	0xf7b4e0
	0xf6b893
	0xf6b5c5
	0xf696d8
	0xf69f26
	0xf76d8b
	0xf88abe
	0xf8e4f6
	0xf6a5ac
	0xf88853
	0x10052b1
	0xfe7fb6
	0xfb96f9
	0xfba4b4
	0x13dd034
	0x13d82c9
	0x13f6460
	0x11a1a68
	0x11a988d
	0x1190df8
	0x1190fc2
	0x117ab3a
	0x77815d49
	0x77dad83b
	0x77dad7c1

2026-02-03 07:15:58,191 - INFO -     [6/11] moi-quan-he: +0 mới (tổng: 104)
2026-02-03 07:16:43,352 - WARNING - Lỗi khi load https://hellobacsi.com/tam-ly-tam-than/nghien/: Message: timeout: Timed out receiving message from renderer: 45.000
  (Session info: chrome=144.0.7559.110)
Stacktrace:
Symbols not available. Dumping unresolved backtrace:
	0x1188543
	0x1188584
	0xf7b4e0
	0xf6b893
	0xf6b5c5
	0xf696d8
	0xf69f26
	0xf76d8b
	0xf88abe
	0xf8e4f6
	0xf6a5ac
	0xf88853
	0x10052b1
	0xfe7fb6
	0xfb96f9
	0xfba4b4
	0x13dd034
	0x13d82c9
	0x13f6460
	0x11a1a68
	0x11a988d
	0x1190df8
	0x1190fc2
	0x117ab3a
	0x77815d49
	0x77dad83b
	0x77dad7c1

2026-02-03 07:16:43,356 - INFO -     [7/11] nghien: +0 mới (tổng: 104)
2026-02-03 07:17:28,592 - WARNING - Lỗi khi load https://hellobacsi.com/tam-ly-tam-than/van-de-tam-ly-tam-than/: Message: timeout: Timed out receiving message from renderer: 45.000
  (Session info: chrome=144.0.7559.110)
Stacktrace:
Symbols not available. Dumping unresolved backtrace:
	0x1188543
	0x1188584
	0xf7b4e0
	0xf6b893
	0xf6b5c5
	0xf696d8
	0xf69f26
	0xf76d8b
	0xf88abe
	0xf8e4f6
	0xf6a5ac
	0xf88853
	0x10052b1
	0xfe7fb6
	0xfb96f9
	0xfba4b4
	0x13dd034
	0x13d82c9
	0x13f6460
	0x11a1a68
	0x11a988d
	0x1190df8
	0x1190fc2
	0x117ab3a
	0x77815d49
	0x77dad83b
	0x77dad7c1

2026-02-03 07:17:28,652 - INFO -     [8/11] van-de-tam-ly-tam-than: +0 mới (tổng: 104)
2026-02-03 07:18:14,034 - WARNING - Lỗi khi load https://hellobacsi.com/tam-ly-tam-than/quan-ly-cang-thang/: Message: timeout: Timed out receiving message from renderer: 45.000
  (Session info: chrome=144.0.7559.110)
Stacktrace:
Symbols not available. Dumping unresolved backtrace:
	0x1188543
	0x1188584
	0xf7b4e0
	0xf6b893
	0xf6b5c5
	0xf696d8
	0xf69f26
	0xf76d8b
	0xf88abe
	0xf8e4f6
	0xf6a5ac
	0xf88853
	0x10052b1
	0xfe7fb6
	0xfb96f9
	0xfba4b4
	0x13dd034
	0x13d82c9
	0x13f6460
	0x11a1a68
	0x11a988d
	0x1190df8
	0x1190fc2
	0x117ab3a
	0x77815d49
	0x77dad83b
	0x77dad7c1

2026-02-03 07:18:14,078 - INFO -     [9/11] quan-ly-cang-thang: +0 mới (tổng: 104)
2026-02-03 07:18:59,282 - WARNING - Lỗi khi load https://hellobacsi.com/tam-ly-tam-than/hello-bacsi-tang-dong-giam-chu-y-o-tre-adhd-noi-lo-cua-phu-huynh/: Message: timeout: Timed out receiving message from renderer: 45.000
  (Session info: chrome=144.0.7559.110)
Stacktrace:
Symbols not available. Dumping unresolved backtrace:
	0x1188543
	0x1188584
	0xf7b4e0
	0xf6b893
	0xf6b5c5
	0xf696d8
	0xf69f26
	0xf76d8b
	0xf88abe
	0xf8e4f6
	0xf6a5ac
	0xf88853
	0x10052b1
	0xfe7fb6
	0xfb96f9
	0xfba4b4
	0x13dd034
	0x13d82c9
	0x13f6460
	0x11a1a68
	0x11a988d
	0x1190df8
	0x1190fc2
	0x117ab3a
	0x77815d49
	0x77dad83b
	0x77dad7c1

2026-02-03 07:18:59,484 - INFO -     [10/11] hello-bacsi-tang-dong-giam-chu-y-o-tre-adhd-noi-lo-cua-phu-huynh: +0 mới (tổng: 104)
2026-02-03 07:19:45,011 - WARNING - Lỗi khi load https://hellobacsi.com/tam-ly-tam-than/roi-loan-an-uong/: Message: timeout: Timed out receiving message from renderer: 45.000
  (Session info: chrome=144.0.7559.110)
Stacktrace:
Symbols not available. Dumping unresolved backtrace:
	0x1188543
	0x1188584
	0xf7b4e0
	0xf6b893
	0xf6b5c5
	0xf696d8
	0xf69f26
	0xf76d8b
	0xf88abe
	0xf8e4f6
	0xf6a5ac
	0xf88853
	0x10052b1
	0xfe7fb6
	0xfb96f9
	0xfba4b4
	0x13dd034
	0x13d82c9
	0x13f6460
	0x11a1a68
	0x11a988d
	0x1190df8
	0x1190fc2
	0x117ab3a
	0x77815d49
	0x77dad83b
	0x77dad7c1

2026-02-03 07:19:45,014 - INFO -     [11/11] roi-loan-an-uong: +0 mới (tổng: 104)
2026-02-03 07:19:45,016 - INFO - 
  ✅ TỔNG Tâm lý - Tâm thần: 104 URLs bài viết
2026-02-03 07:19:45,077 - INFO - 
============================================================
2026-02-03 07:19:45,078 - INFO - 📁 CRAWLING: Da liễu (/da-lieu/)
2026-02-03 07:19:45,080 - INFO - ============================================================
2026-02-03 07:19:45,081 - INFO -   📂 Bước 1: Tìm subcategories...
2026-02-03 07:20:30,094 - WARNING - Lỗi khi load https://hellobacsi.com/da-lieu/: Message: timeout: Timed out receiving message from renderer: 45.000
  (Session info: chrome=144.0.7559.110)
Stacktrace:
Symbols not available. Dumping unresolved backtrace:
	0x1188543
	0x1188584
	0xf7b4e0
	0xf6b893
	0xf6b5c5
	0xf696d8
	0xf69f26
	0xf76d8b
	0xf88abe
	0xf8e4f6
	0xf6a5ac
	0xf88853
	0x10052b1
	0xfe7fb6
	0xfb96f9
	0xfba4b4
	0x13dd034
	0x13d82c9
	0x13f6460
	0x11a1a68
	0x11a988d
	0x1190df8
	0x1190fc2
	0x117ab3a
	0x77815d49
	0x77dad83b
	0x77dad7c1

2026-02-03 07:20:30,095 - INFO -   ✓ Tìm thấy 0 subcategories
2026-02-03 07:20:30,096 - INFO -   📄 Bước 2: Lấy bài viết từ trang chính...
2026-02-03 07:21:15,394 - WARNING - Lỗi khi load https://hellobacsi.com/da-lieu/: Message: timeout: Timed out receiving message from renderer: 45.000
  (Session info: chrome=144.0.7559.110)
Stacktrace:
Symbols not available. Dumping unresolved backtrace:
	0x1188543
	0x1188584
	0xf7b4e0
	0xf6b893
	0xf6b5c5
	0xf696d8
	0xf69f26
	0xf76d8b
	0xf88abe
	0xf8e4f6
	0xf6a5ac
	0xf88853
	0x10052b1
	0xfe7fb6
	0xfb96f9
	0xfba4b4
	0x13dd034
	0x13d82c9
	0x13f6460
	0x11a1a68
	0x11a988d
	0x1190df8
	0x1190fc2
	0x117ab3a
	0x77815d49
	0x77dad83b
	0x77dad7c1

2026-02-03 07:21:15,396 - INFO -   ✓ Từ trang chính: 0 bài viết
2026-02-03 07:21:15,609 - INFO -   📂 Bước 3: Crawl 0 subcategories...
2026-02-03 07:21:15,841 - INFO - 
  ✅ TỔNG Da liễu: 0 URLs bài viết
2026-02-03 07:21:16,192 - INFO - 
============================================================
2026-02-03 07:21:16,455 - INFO - 📁 CRAWLING: Sức khỏe tình dục (/suc-khoe-tinh-duc/)
2026-02-03 07:21:16,641 - INFO - ============================================================
2026-02-03 07:21:16,859 - INFO -   📂 Bước 1: Tìm subcategories...
2026-02-03 07:22:03,450 - WARNING - Lỗi khi load https://hellobacsi.com/suc-khoe-tinh-duc/: Message: timeout: Timed out receiving message from renderer: 45.000
  (Session info: chrome=144.0.7559.110)
Stacktrace:
Symbols not available. Dumping unresolved backtrace:
	0x1188543
	0x1188584
	0xf7b4e0
	0xf6b893
	0xf6b5c5
	0xf696d8
	0xf69f26
	0xf76d8b
	0xf88abe
	0xf8e4f6
	0xf6a5ac
	0xf88853
	0x10052b1
	0xfe7fb6
	0xfb96f9
	0xfba4b4
	0x13dd034
	0x13d82c9
	0x13f6460
	0x11a1a68
	0x11a988d
	0x1190df8
	0x1190fc2
	0x117ab3a
	0x77815d49
	0x77dad83b
	0x77dad7c1

2026-02-03 07:22:03,515 - INFO -   ✓ Tìm thấy 0 subcategories
2026-02-03 07:22:03,525 - INFO -   📄 Bước 2: Lấy bài viết từ trang chính...
2026-02-03 07:22:48,562 - WARNING - Lỗi khi load https://hellobacsi.com/suc-khoe-tinh-duc/: Message: timeout: Timed out receiving message from renderer: 45.000
  (Session info: chrome=144.0.7559.110)
Stacktrace:
Symbols not available. Dumping unresolved backtrace:
	0x1188543
	0x1188584
	0xf7b4e0
	0xf6b893
	0xf6b5c5
	0xf696d8
	0xf69f26
	0xf76d8b
	0xf88abe
	0xf8e4f6
	0xf6a5ac
	0xf88853
	0x10052b1
	0xfe7fb6
	0xfb96f9
	0xfba4b4
	0x13dd034
	0x13d82c9
	0x13f6460
	0x11a1a68
	0x11a988d
	0x1190df8
	0x1190fc2
	0x117ab3a
	0x77815d49
	0x77dad83b
	0x77dad7c1

2026-02-03 07:22:48,568 - INFO -   ✓ Từ trang chính: 0 bài viết
2026-02-03 07:22:48,591 - INFO -   📂 Bước 3: Crawl 0 subcategories...
2026-02-03 07:22:48,594 - INFO - 
  ✅ TỔNG Sức khỏe tình dục: 0 URLs bài viết
2026-02-03 07:22:48,598 - INFO - 
============================================================
2026-02-03 07:22:48,604 - INFO - 📁 CRAWLING: Dị ứng (/di-ung/)
2026-02-03 07:22:48,620 - INFO - ============================================================
2026-02-03 07:22:48,621 - INFO -   📂 Bước 1: Tìm subcategories...
2026-02-03 07:23:33,643 - WARNING - Lỗi khi load https://hellobacsi.com/di-ung/: Message: timeout: Timed out receiving message from renderer: 45.000
  (Session info: chrome=144.0.7559.110)
Stacktrace:
Symbols not available. Dumping unresolved backtrace:
	0x1188543
	0x1188584
	0xf7b4e0
	0xf6b893
	0xf6b5c5
	0xf696d8
	0xf69f26
	0xf76d8b
	0xf88abe
	0xf8e4f6
	0xf6a5ac
	0xf88853
	0x10052b1
	0xfe7fb6
	0xfb96f9
	0xfba4b4
	0x13dd034
	0x13d82c9
	0x13f6460
	0x11a1a68
	0x11a988d
	0x1190df8
	0x1190fc2
	0x117ab3a
	0x77815d49
	0x77dad83b
	0x77dad7c1

2026-02-03 07:23:33,652 - INFO -   ✓ Tìm thấy 0 subcategories
2026-02-03 07:23:33,824 - INFO -   📄 Bước 2: Lấy bài viết từ trang chính...
2026-02-03 07:24:18,876 - WARNING - Lỗi khi load https://hellobacsi.com/di-ung/: Message: timeout: Timed out receiving message from renderer: 45.000
  (Session info: chrome=144.0.7559.110)
Stacktrace:
Symbols not available. Dumping unresolved backtrace:
	0x1188543
	0x1188584
	0xf7b4e0
	0xf6b893
	0xf6b5c5
	0xf696d8
	0xf69f26
	0xf76d8b
	0xf88abe
	0xf8e4f6
	0xf6a5ac
	0xf88853
	0x10052b1
	0xfe7fb6
	0xfb96f9
	0xfba4b4
	0x13dd034
	0x13d82c9
	0x13f6460
	0x11a1a68
	0x11a988d
	0x1190df8
	0x1190fc2
	0x117ab3a
	0x77815d49
	0x77dad83b
	0x77dad7c1

2026-02-03 07:24:19,004 - INFO -   ✓ Từ trang chính: 0 bài viết
2026-02-03 07:24:19,008 - INFO -   📂 Bước 3: Crawl 0 subcategories...
2026-02-03 07:24:19,143 - INFO - 
  ✅ TỔNG Dị ứng: 0 URLs bài viết
2026-03-03 17:21:49,498 - INFO - Đã có 0 bài viết trong cache
2026-03-03 17:21:49,498 - INFO - Khởi tạo Selenium...
2026-03-03 17:21:49,498 - INFO - ====== WebDriver manager ======
2026-03-03 17:21:50,553 - INFO - Get LATEST chromedriver version for google-chrome
2026-03-03 17:21:51,149 - INFO - Get LATEST chromedriver version for google-chrome
2026-03-03 17:21:51,616 - INFO - There is no [win64] chromedriver "145.0.7632.117" for browser google-chrome "145.0.7632" in cache
2026-03-03 17:21:51,616 - INFO - Get LATEST chromedriver version for google-chrome
2026-03-03 17:21:52,847 - INFO - WebDriver version 145.0.7632.117 selected
2026-03-03 17:21:52,856 - INFO - Modern chrome version https://storage.googleapis.com/chrome-for-testing-public/145.0.7632.117/win32/chromedriver-win32.zip
2026-03-03 17:21:52,856 - INFO - About to download new driver from https://storage.googleapis.com/chrome-for-testing-public/145.0.7632.117/win32/chromedriver-win32.zip
2026-03-03 17:21:53,333 - INFO - Driver downloading response is 200
2026-03-03 17:21:53,797 - INFO - Get LATEST chromedriver version for google-chrome
2026-03-03 17:21:54,416 - INFO - Driver has been saved in cache [C:\Users\LENOVO\.wdm\drivers\chromedriver\win64\145.0.7632.117]
2026-03-03 17:21:57,967 - INFO - 
============================================================
2026-03-03 17:21:57,967 - INFO - 📁 CRAWLING: Tâm lý - Tâm thần (/tam-ly-tam-than/)
2026-03-03 17:21:57,967 - INFO - ============================================================
2026-03-03 17:21:57,967 - INFO -   📂 Bước 1: Tìm subcategories...
2026-03-03 17:22:10,234 - INFO -   ✓ Tìm thấy 11 subcategories
2026-03-03 17:22:10,235 - INFO -   📄 Bước 2: Lấy bài viết từ trang chính...
2026-03-03 17:23:51,353 - INFO -   ✓ Từ trang chính: 163 bài viết
2026-03-03 17:23:51,353 - INFO -   📂 Bước 3: Crawl 11 subcategories...
2026-03-03 17:24:42,532 - INFO -     [1/11] tram-cam-roi-loan-cam-xuc: +48 mới (tổng: 211)
2026-03-03 17:25:05,955 - INFO -     [2/11] hello-bacsi-tang-dong-giam-chu-y-o-tre-adhd-noi-lo-cua-phu-huynh: +14 mới (tổng: 225)
2026-03-03 17:25:20,484 - INFO -     [3/11] phong-ngua-tu-tu: +3 mới (tổng: 228)
2026-03-03 17:25:32,298 - INFO -     [4/11] roi-loan-an-uong: +10 mới (tổng: 238)
2026-03-03 17:25:54,299 - INFO -     [5/11] roi-loan-lo-au: +16 mới (tổng: 254)
2026-03-03 17:26:43,425 - INFO -     [6/11] quan-ly-cang-thang: +56 mới (tổng: 310)
2026-03-03 17:27:14,374 - INFO -     [7/11] hello-bacsi-7-cach-thu-vi-giup-ban-giam-cang-thang: +4 mới (tổng: 314)
2026-03-03 17:27:51,803 - INFO -     [8/11] nghien: +38 mới (tổng: 352)
2026-03-03 17:28:02,424 - INFO -     [9/11] roi-loan-phat-trien: +1 mới (tổng: 353)
2026-03-03 17:30:05,107 - INFO -     [10/11] van-de-tam-ly-tam-than: +127 mới (tổng: 480)
2026-03-03 17:32:11,727 - INFO -     [11/11] moi-quan-he: +162 mới (tổng: 642)
2026-03-03 17:32:11,728 - INFO - 
  ✅ TỔNG Tâm lý - Tâm thần: 642 URLs bài viết
2026-03-03 17:32:11,733 - INFO - 
============================================================
2026-03-03 17:32:11,734 - INFO - 📁 CRAWLING: Da liễu (/da-lieu/)
2026-03-03 17:32:11,734 - INFO - ============================================================
2026-03-03 17:32:11,734 - INFO -   📂 Bước 1: Tìm subcategories...
2026-03-03 17:32:17,503 - INFO -   ✓ Tìm thấy 8 subcategories
2026-03-03 17:32:17,503 - INFO -   📄 Bước 2: Lấy bài viết từ trang chính...
2026-03-03 17:33:50,843 - INFO -   ✓ Từ trang chính: 162 bài viết
2026-03-03 17:33:50,844 - INFO -   📂 Bước 3: Crawl 8 subcategories...
2026-03-03 17:36:10,796 - INFO -     [1/8] cham-soc-da: +125 mới (tổng: 287)
2026-03-03 17:38:05,915 - INFO -     [2/8] van-de-ve-da: +170 mới (tổng: 457)
2026-03-03 17:39:52,045 - INFO -     [3/8] cham-soc-toc-da-dau: +136 mới (tổng: 593)
2026-03-03 17:40:17,218 - INFO -     [4/8] nhiem-trung-da: +34 mới (tổng: 627)
2026-03-03 17:40:45,943 - INFO -     [5/8] viem-da: +28 mới (tổng: 655)
2026-03-03 17:42:50,925 - INFO -     [6/8] tri-mun: +166 mới (tổng: 821)
2026-03-03 17:43:09,738 - INFO -     [7/8] cham-soc-mong: +15 mới (tổng: 836)
2026-03-03 17:43:30,212 - INFO -     [8/8] vay-nen: +22 mới (tổng: 858)
2026-03-03 17:43:30,213 - INFO - 
  ✅ TỔNG Da liễu: 858 URLs bài viết
2026-03-03 17:43:30,217 - INFO - 
============================================================
2026-03-03 17:43:30,217 - INFO - 📁 CRAWLING: Sức khỏe tình dục (/suc-khoe-tinh-duc/)
2026-03-03 17:43:30,218 - INFO - ============================================================
2026-03-03 17:43:30,218 - INFO -   📂 Bước 1: Tìm subcategories...
2026-03-03 17:43:37,061 - INFO -   ✓ Tìm thấy 11 subcategories
2026-03-03 17:43:37,061 - INFO -   📄 Bước 2: Lấy bài viết từ trang chính...
2026-03-03 17:45:09,047 - INFO -   ✓ Từ trang chính: 155 bài viết
2026-03-03 17:45:09,048 - INFO -   📂 Bước 3: Crawl 11 subcategories...
2026-03-03 17:45:21,075 - INFO -     [1/11] benh-lau: +12 mới (tổng: 167)
2026-03-03 17:45:38,768 - INFO -     [2/11] tinh-duc-an-toan: +12 mới (tổng: 179)
2026-03-03 17:45:49,437 - INFO -     [3/11] benh-trichomonas: +1 mới (tổng: 180)
2026-03-03 17:47:26,248 - INFO -     [4/11] ngua-thai: +82 mới (tổng: 262)
2026-03-03 17:48:03,413 - INFO -     [5/11] hiv-aids: +43 mới (tổng: 305)
2026-03-03 17:48:21,899 - INFO -     [6/11] benh-giang-mai: +17 mới (tổng: 322)
2026-03-03 17:48:59,025 - INFO -     [7/11] bi-quyet-quan-he: +30 mới (tổng: 352)
2026-03-03 17:49:11,050 - INFO -     [8/11] benh-chlamydia: +8 mới (tổng: 360)
2026-03-03 17:49:26,628 - INFO -     [9/11] mun-rop-sinh-duc: +9 mới (tổng: 369)
2026-03-03 17:49:45,823 - INFO -     [10/11] benh-tinh-duc-khac: +15 mới (tổng: 384)
2026-03-03 17:50:19,661 - INFO -     [11/11] hpv: +27 mới (tổng: 411)
2026-03-03 17:50:19,662 - INFO - 
  ✅ TỔNG Sức khỏe tình dục: 411 URLs bài viết
2026-03-03 17:50:19,666 - INFO - 
============================================================
2026-03-03 17:50:19,667 - INFO - 📁 CRAWLING: Dị ứng (/di-ung/)
2026-03-03 17:50:19,667 - INFO - ============================================================
2026-03-03 17:50:19,667 - INFO -   📂 Bước 1: Tìm subcategories...
2026-03-03 17:50:24,978 - INFO -   ✓ Tìm thấy 5 subcategories
2026-03-03 17:50:24,979 - INFO -   📄 Bước 2: Lấy bài viết từ trang chính...
2026-03-03 17:52:01,515 - INFO -   ✓ Từ trang chính: 159 bài viết
2026-03-03 17:52:01,516 - INFO -   📂 Bước 3: Crawl 5 subcategories...
2026-03-03 17:52:23,894 - INFO -     [1/5] di-ung-thuc-an: +0 mới (tổng: 159)
2026-03-03 17:53:03,694 - INFO -     [2/5] di-ung-khac: +3 mới (tổng: 162)
2026-03-03 17:53:19,803 - INFO -     [3/5] di-ung-mat-mui: +0 mới (tổng: 162)
2026-03-03 17:53:37,261 - INFO -     [4/5] di-ung-da: +0 mới (tổng: 162)
2026-03-03 17:53:49,145 - INFO -     [5/5] di-ung-dong-vat-con-trung: +0 mới (tổng: 162)
2026-03-03 17:53:49,145 - INFO - 
  ✅ TỔNG Dị ứng: 162 URLs bài viết
2026-03-03 17:53:52,547 - INFO - 
📊 Phase 1 Hoàn tất:
2026-03-03 17:53:52,547 - INFO -    - Tổng URLs: 2045
2026-03-03 17:53:52,547 - INFO -    - Đã crawl: 0
2026-03-03 17:53:52,547 - INFO -    - URLs mới: 2045
2026-03-03 17:53:53,123 - INFO - 💾 Saved: 0 articles -> hellobacsi_data_3\articles_3.json
2026-03-03 17:53:53,627 - INFO - 💾 Saved: 0 articles -> hellobacsi_data_3\articles_3.json
2026-03-03 17:53:54,050 - INFO - 💾 Saved: 0 articles -> hellobacsi_data_3\articles_3.json
2026-03-03 17:53:54,493 - INFO - 💾 Saved: 0 articles -> hellobacsi_data_3\articles_3.json
2026-03-03 17:53:55,188 - INFO - 💾 Saved: 0 articles -> hellobacsi_data_3\articles_3.json
2026-03-03 17:53:55,633 - INFO - 💾 Saved: 0 articles -> hellobacsi_data_3\articles_3.json
2026-03-03 17:53:56,052 - INFO - 💾 Saved: 0 articles -> hellobacsi_data_3\articles_3.json
2026-03-03 17:53:56,547 - INFO - 💾 Saved: 0 articles -> hellobacsi_data_3\articles_3.json
2026-03-03 17:54:08,004 - INFO - [28/2045] ✓ Đã crawl 20 bài viết
2026-03-03 17:54:30,015 - INFO - [49/2045] ✓ Đã crawl 40 bài viết
2026-03-03 17:54:39,616 - INFO - 💾 Saved: 50 articles -> hellobacsi_data_3\articles_3.json
2026-03-03 17:54:50,265 - INFO - [69/2045] ✓ Đã crawl 60 bài viết
2026-03-03 17:55:42,538 - INFO - [90/2045] ✓ Đã crawl 80 bài viết
2026-03-03 17:56:09,814 - INFO - [110/2045] ✓ Đã crawl 100 bài viết
2026-03-03 17:56:09,826 - INFO - 💾 Saved: 100 articles -> hellobacsi_data_3\articles_3.json
2026-03-03 17:56:36,629 - INFO - [130/2045] ✓ Đã crawl 120 bài viết
2026-03-03 17:57:08,123 - INFO - [150/2045] ✓ Đã crawl 140 bài viết
2026-03-03 17:57:21,488 - INFO - 💾 Saved: 150 articles -> hellobacsi_data_3\articles_3.json
2026-03-03 17:57:40,398 - INFO - [170/2045] ✓ Đã crawl 160 bài viết
2026-03-03 17:58:12,585 - INFO - [190/2045] ✓ Đã crawl 180 bài viết
2026-03-03 17:58:47,102 - INFO - [210/2045] ✓ Đã crawl 200 bài viết
2026-03-03 17:58:47,126 - INFO - 💾 Saved: 200 articles -> hellobacsi_data_3\articles_3.json
2026-03-03 17:59:31,649 - INFO - [232/2045] ✓ Đã crawl 220 bài viết
2026-03-03 18:00:07,132 - INFO - [252/2045] ✓ Đã crawl 240 bài viết
2026-03-03 18:00:26,231 - INFO - 💾 Saved: 250 articles -> hellobacsi_data_3\articles_3.json
2026-03-03 18:00:42,613 - INFO - [272/2045] ✓ Đã crawl 260 bài viết
2026-03-03 18:01:18,266 - INFO - [292/2045] ✓ Đã crawl 280 bài viết
2026-03-03 18:02:19,620 - INFO - [312/2045] ✓ Đã crawl 300 bài viết
2026-03-03 18:02:19,638 - INFO - 💾 Saved: 300 articles -> hellobacsi_data_3\articles_3.json
2026-03-03 18:02:54,775 - INFO - [332/2045] ✓ Đã crawl 320 bài viết
2026-03-03 18:03:28,073 - INFO - [352/2045] ✓ Đã crawl 340 bài viết
2026-03-03 18:03:48,060 - INFO - 💾 Saved: 350 articles -> hellobacsi_data_3\articles_3.json
2026-03-03 18:04:08,981 - INFO - [372/2045] ✓ Đã crawl 360 bài viết
2026-03-03 18:04:39,639 - INFO - [392/2045] ✓ Đã crawl 380 bài viết
2026-03-03 18:05:16,684 - INFO - [412/2045] ✓ Đã crawl 400 bài viết
2026-03-03 18:05:16,713 - INFO - 💾 Saved: 400 articles -> hellobacsi_data_3\articles_3.json
2026-03-03 18:05:51,451 - INFO - [432/2045] ✓ Đã crawl 420 bài viết
2026-03-03 18:06:27,498 - INFO - [452/2045] ✓ Đã crawl 440 bài viết
2026-03-03 18:06:43,966 - INFO - 💾 Saved: 450 articles -> hellobacsi_data_3\articles_3.json
2026-03-03 18:07:00,505 - INFO - [472/2045] ✓ Đã crawl 460 bài viết
2026-03-03 18:07:31,819 - INFO - [492/2045] ✓ Đã crawl 480 bài viết
2026-03-03 18:08:08,938 - INFO - [512/2045] ✓ Đã crawl 500 bài viết
2026-03-03 18:08:08,977 - INFO - 💾 Saved: 500 articles -> hellobacsi_data_3\articles_3.json
2026-03-03 18:08:41,809 - INFO - [532/2045] ✓ Đã crawl 520 bài viết
2026-03-03 18:09:29,220 - INFO - [552/2045] ✓ Đã crawl 540 bài viết
2026-03-03 18:09:50,450 - INFO - 💾 Saved: 550 articles -> hellobacsi_data_3\articles_3.json
2026-03-03 18:10:08,509 - INFO - [572/2045] ✓ Đã crawl 560 bài viết
2026-03-03 18:10:42,958 - INFO - [592/2045] ✓ Đã crawl 580 bài viết
2026-03-03 18:11:25,480 - INFO - [612/2045] ✓ Đã crawl 600 bài viết
2026-03-03 18:11:25,529 - INFO - 💾 Saved: 600 articles -> hellobacsi_data_3\articles_3.json
2026-03-03 18:11:58,863 - INFO - [632/2045] ✓ Đã crawl 620 bài viết
2026-03-03 18:12:26,995 - INFO - [652/2045] ✓ Đã crawl 640 bài viết
2026-03-03 18:12:31,795 - INFO - 💾 Saved: 650 articles -> hellobacsi_data_3\articles_3.json
2026-03-03 18:12:45,341 - INFO - [672/2045] ✓ Đã crawl 660 bài viết
2026-03-03 18:13:22,050 - INFO - [692/2045] ✓ Đã crawl 680 bài viết
2026-03-03 18:13:58,109 - INFO - [712/2045] ✓ Đã crawl 700 bài viết
2026-03-03 18:13:58,174 - INFO - 💾 Saved: 700 articles -> hellobacsi_data_3\articles_3.json
2026-03-03 18:14:31,053 - INFO - [732/2045] ✓ Đã crawl 720 bài viết
2026-03-03 18:14:55,225 - INFO - [752/2045] ✓ Đã crawl 740 bài viết
2026-03-03 18:15:07,560 - INFO - 💾 Saved: 750 articles -> hellobacsi_data_3\articles_3.json
2026-03-03 18:15:25,044 - INFO - [772/2045] ✓ Đã crawl 760 bài viết
2026-03-03 18:15:57,665 - INFO - [792/2045] ✓ Đã crawl 780 bài viết
2026-03-03 18:16:28,875 - INFO - [812/2045] ✓ Đã crawl 800 bài viết
2026-03-03 18:16:28,926 - INFO - 💾 Saved: 800 articles -> hellobacsi_data_3\articles_3.json
2026-03-03 18:17:03,865 - INFO - [832/2045] ✓ Đã crawl 820 bài viết
2026-03-03 18:17:42,703 - INFO - [852/2045] ✓ Đã crawl 840 bài viết
2026-03-03 18:17:56,592 - INFO - 💾 Saved: 850 articles -> hellobacsi_data_3\articles_3.json
2026-03-03 18:18:17,123 - INFO - [872/2045] ✓ Đã crawl 860 bài viết
2026-03-03 18:18:54,375 - INFO - [892/2045] ✓ Đã crawl 880 bài viết
2026-03-03 18:19:22,425 - INFO - [912/2045] ✓ Đã crawl 900 bài viết
2026-03-03 18:19:22,495 - INFO - 💾 Saved: 900 articles -> hellobacsi_data_3\articles_3.json
2026-03-03 18:19:57,039 - INFO - [932/2045] ✓ Đã crawl 920 bài viết
2026-03-03 18:20:35,389 - INFO - [952/2045] ✓ Đã crawl 940 bài viết
2026-03-03 18:20:52,403 - INFO - 💾 Saved: 950 articles -> hellobacsi_data_3\articles_3.json
2026-03-03 18:21:10,306 - INFO - [972/2045] ✓ Đã crawl 960 bài viết
2026-03-03 18:21:38,825 - INFO - [992/2045] ✓ Đã crawl 980 bài viết
2026-03-03 18:22:13,501 - INFO - [1012/2045] ✓ Đã crawl 1000 bài viết
2026-03-03 18:22:13,582 - INFO - 💾 Saved: 1000 articles -> hellobacsi_data_3\articles_3.json
2026-03-03 18:22:42,865 - INFO - [1032/2045] ✓ Đã crawl 1020 bài viết
2026-03-03 18:23:17,503 - INFO - [1052/2045] ✓ Đã crawl 1040 bài viết
2026-03-03 18:23:38,324 - INFO - 💾 Saved: 1050 articles -> hellobacsi_data_3\articles_3.json
2026-03-03 18:23:57,158 - INFO - [1072/2045] ✓ Đã crawl 1060 bài viết
2026-03-03 18:24:38,028 - INFO - [1092/2045] ✓ Đã crawl 1080 bài viết
2026-03-03 18:25:07,544 - INFO - [1112/2045] ✓ Đã crawl 1100 bài viết
2026-03-03 18:25:07,642 - INFO - 💾 Saved: 1100 articles -> hellobacsi_data_3\articles_3.json
2026-03-03 18:25:37,156 - INFO - [1132/2045] ✓ Đã crawl 1120 bài viết
2026-03-03 18:26:07,524 - INFO - [1152/2045] ✓ Đã crawl 1140 bài viết
2026-03-03 18:26:25,729 - INFO - 💾 Saved: 1150 articles -> hellobacsi_data_3\articles_3.json
2026-03-03 18:26:45,750 - INFO - [1172/2045] ✓ Đã crawl 1160 bài viết
2026-03-03 18:27:21,299 - INFO - [1192/2045] ✓ Đã crawl 1180 bài viết
2026-03-03 18:27:58,868 - INFO - [1212/2045] ✓ Đã crawl 1200 bài viết
2026-03-03 18:27:58,959 - INFO - 💾 Saved: 1200 articles -> hellobacsi_data_3\articles_3.json
2026-03-03 18:28:33,608 - INFO - [1232/2045] ✓ Đã crawl 1220 bài viết
2026-03-03 18:29:09,885 - INFO - [1252/2045] ✓ Đã crawl 1240 bài viết
2026-03-03 18:29:31,858 - INFO - 💾 Saved: 1250 articles -> hellobacsi_data_3\articles_3.json
2026-03-03 18:29:49,103 - INFO - [1272/2045] ✓ Đã crawl 1260 bài viết
2026-03-03 18:30:22,693 - INFO - [1292/2045] ✓ Đã crawl 1280 bài viết
2026-03-03 18:30:58,226 - INFO - [1312/2045] ✓ Đã crawl 1300 bài viết
2026-03-03 18:30:58,331 - INFO - 💾 Saved: 1300 articles -> hellobacsi_data_3\articles_3.json
2026-03-03 18:31:38,638 - INFO - [1332/2045] ✓ Đã crawl 1320 bài viết
2026-03-03 18:32:12,492 - INFO - [1352/2045] ✓ Đã crawl 1340 bài viết
2026-03-03 18:32:29,146 - INFO - 💾 Saved: 1350 articles -> hellobacsi_data_3\articles_3.json
2026-03-03 18:32:46,372 - INFO - [1372/2045] ✓ Đã crawl 1360 bài viết
2026-03-03 18:33:29,109 - INFO - [1392/2045] ✓ Đã crawl 1380 bài viết
2026-03-03 18:34:11,376 - INFO - [1412/2045] ✓ Đã crawl 1400 bài viết
2026-03-03 18:34:11,567 - INFO - 💾 Saved: 1400 articles -> hellobacsi_data_3\articles_3.json
2026-03-03 18:34:47,209 - INFO - [1432/2045] ✓ Đã crawl 1420 bài viết
2026-03-03 18:35:24,061 - INFO - [1453/2045] ✓ Đã crawl 1440 bài viết
2026-03-03 18:35:43,122 - INFO - 💾 Saved: 1450 articles -> hellobacsi_data_3\articles_3.json
2026-03-03 18:35:58,933 - INFO - [1473/2045] ✓ Đã crawl 1460 bài viết
2026-03-03 18:36:31,687 - INFO - [1493/2045] ✓ Đã crawl 1480 bài viết
2026-03-03 18:36:56,002 - INFO - [1514/2045] ✓ Đã crawl 1500 bài viết
2026-03-03 18:36:56,112 - INFO - 💾 Saved: 1500 articles -> hellobacsi_data_3\articles_3.json
2026-03-03 18:37:31,183 - INFO - [1534/2045] ✓ Đã crawl 1520 bài viết
2026-03-03 18:37:59,542 - INFO - [1554/2045] ✓ Đã crawl 1540 bài viết
2026-03-03 18:38:15,799 - INFO - 💾 Saved: 1550 articles -> hellobacsi_data_3\articles_3.json
2026-03-03 18:38:30,498 - INFO - [1574/2045] ✓ Đã crawl 1560 bài viết
2026-03-03 18:39:05,357 - INFO - [1594/2045] ✓ Đã crawl 1580 bài viết
2026-03-03 18:39:29,867 - INFO - [1614/2045] ✓ Đã crawl 1600 bài viết
2026-03-03 18:39:29,979 - INFO - 💾 Saved: 1600 articles -> hellobacsi_data_3\articles_3.json
2026-03-03 18:40:00,357 - INFO - [1634/2045] ✓ Đã crawl 1620 bài viết
2026-03-03 18:40:38,154 - INFO - [1654/2045] ✓ Đã crawl 1640 bài viết
2026-03-03 18:40:52,998 - INFO - 💾 Saved: 1650 articles -> hellobacsi_data_3\articles_3.json
2026-03-03 18:41:09,755 - INFO - [1674/2045] ✓ Đã crawl 1660 bài viết
2026-03-03 18:41:43,855 - INFO - [1694/2045] ✓ Đã crawl 1680 bài viết
2026-03-03 18:42:21,348 - INFO - [1714/2045] ✓ Đã crawl 1700 bài viết
2026-03-03 18:42:21,459 - INFO - 💾 Saved: 1700 articles -> hellobacsi_data_3\articles_3.json
2026-03-03 18:43:00,619 - INFO - [1734/2045] ✓ Đã crawl 1720 bài viết
2026-03-03 18:43:29,936 - INFO - [1754/2045] ✓ Đã crawl 1740 bài viết
2026-03-03 18:43:50,513 - INFO - 💾 Saved: 1750 articles -> hellobacsi_data_3\articles_3.json
2026-03-03 18:44:05,441 - INFO - [1774/2045] ✓ Đã crawl 1760 bài viết
2026-03-03 18:44:30,793 - INFO - [1794/2045] ✓ Đã crawl 1780 bài viết
2026-03-03 18:44:51,202 - INFO - [1814/2045] ✓ Đã crawl 1800 bài viết
2026-03-03 18:44:51,325 - INFO - 💾 Saved: 1800 articles -> hellobacsi_data_3\articles_3.json
2026-03-03 18:45:52,314 - INFO - [1837/2045] ✓ Đã crawl 1820 bài viết
2026-03-03 18:46:23,524 - INFO - [1857/2045] ✓ Đã crawl 1840 bài viết
2026-03-03 18:46:43,408 - INFO - 💾 Saved: 1850 articles -> hellobacsi_data_3\articles_3.json
2026-03-03 18:47:01,950 - INFO - [1877/2045] ✓ Đã crawl 1860 bài viết
2026-03-03 18:47:32,617 - INFO - [1897/2045] ✓ Đã crawl 1880 bài viết
2026-03-03 18:47:48,943 - INFO - [1917/2045] ✓ Đã crawl 1900 bài viết
2026-03-03 18:47:49,059 - INFO - 💾 Saved: 1900 articles -> hellobacsi_data_3\articles_3.json
2026-03-03 18:48:05,429 - INFO - [1937/2045] ✓ Đã crawl 1920 bài viết
2026-03-03 18:48:25,199 - INFO - [1957/2045] ✓ Đã crawl 1940 bài viết
2026-03-03 18:48:33,320 - INFO - 💾 Saved: 1950 articles -> hellobacsi_data_3\articles_3.json
2026-03-03 18:48:52,248 - INFO - [1977/2045] ✓ Đã crawl 1960 bài viết
2026-03-03 18:49:14,547 - INFO - [1997/2045] ✓ Đã crawl 1980 bài viết
2026-03-03 18:49:45,080 - INFO - [2017/2045] ✓ Đã crawl 2000 bài viết
2026-03-03 18:49:45,208 - INFO - 💾 Saved: 2000 articles -> hellobacsi_data_3\articles_3.json
2026-03-03 18:50:14,994 - INFO - [2037/2045] ✓ Đã crawl 2020 bài viết
2026-03-03 18:50:27,447 - INFO - 💾 Saved: 2028 articles -> hellobacsi_data_3\articles_3.json
