2026-02-03 07:09:08,791 - INFO - Đã có 0 bài viết trong cache
2026-02-03 07:09:08,791 - INFO - Khởi tạo Selenium...
2026-02-03 07:09:08,793 - INFO - ====== WebDriver manager ======
2026-02-03 07:09:14,312 - INFO - Get LATEST chromedriver version for google-chrome
2026-02-03 07:09:17,848 - INFO - Get LATEST chromedriver version for google-chrome
2026-02-03 07:09:21,471 - INFO - Driver [C:\Users\LENOVO\.wdm\drivers\chromedriver\win64\144.0.7559.109\chromedriver-win32/chromedriver.exe] found in cache
2026-02-03 07:09:25,105 - INFO - 
============================================================
2026-02-03 07:09:25,107 - INFO - 📁 CRAWLING: Chăm sóc giấc ngủ (/giac-ngu/)
2026-02-03 07:09:25,108 - INFO - ============================================================
2026-02-03 07:09:25,108 - INFO -   📂 Bước 1: Tìm subcategories...
2026-02-03 07:11:28,433 - WARNING - Lỗi khi load https://hellobacsi.com/giac-ngu/: HTTPConnectionPool(host='localhost', port=19898): Read timed out. (read timeout=120)
2026-02-03 07:11:29,148 - INFO -   ✓ Tìm thấy 0 subcategories
2026-02-03 07:11:29,280 - INFO -   📄 Bước 2: Lấy bài viết từ trang chính...
2026-02-03 07:13:30,035 - WARNING - Lỗi khi load https://hellobacsi.com/giac-ngu/: HTTPConnectionPool(host='localhost', port=19898): Read timed out. (read timeout=120)
2026-02-03 07:13:30,059 - INFO -   ✓ Từ trang chính: 0 bài viết
2026-02-03 07:13:30,061 - INFO -   📂 Bước 3: Crawl 0 subcategories...
2026-02-03 07:13:30,110 - INFO - 
  ✅ TỔNG Chăm sóc giấc ngủ: 0 URLs bài viết
2026-02-03 07:13:30,576 - INFO - 
============================================================
2026-02-03 07:13:30,946 - INFO - 📁 CRAWLING: Thói quen lành mạnh (/thoi-quen-lanh-manh/)
2026-02-03 07:13:31,263 - INFO - ============================================================
2026-02-03 07:13:31,521 - INFO -   📂 Bước 1: Tìm subcategories...
2026-02-03 07:15:33,837 - INFO -   ✓ Tìm thấy 8 subcategories
2026-02-03 07:15:33,850 - INFO -   📄 Bước 2: Lấy bài viết từ trang chính...
2026-02-03 07:19:02,938 - INFO -   ✓ Từ trang chính: 158 bài viết
2026-02-03 07:19:03,200 - INFO -   📂 Bước 3: Crawl 8 subcategories...
2026-02-03 07:20:03,135 - INFO -     [1/8] phoi-nang-co-tac-dung-gi: +31 mới (tổng: 189)
2026-02-03 07:21:14,755 - WARNING - Lỗi khi load https://hellobacsi.com/thoi-quen-lanh-manh/ve-sinh/?page=2: Message: timeout: Timed out receiving message from renderer: 5.202
  (Session info: chrome=144.0.7559.110)
Stacktrace:
Symbols not available. Dumping unresolved backtrace:
	0x1188543
	0x1188584
	0xf7b4e0
	0xf6b893
	0xf6b5c5
	0xf696d8
	0xf69f26
	0xf76d8b
	0xf88abe
	0xf8e4f6
	0xf6a5ac
	0xf88853
	0x10056c1
	0xfe7fb6
	0xfb96f9
	0xfba4b4
	0x13dd034
	0x13d82c9
	0x13f6460
	0x11a1a68
	0x11a988d
	0x1190df8
	0x1190fc2
	0x117ab3a
	0x77815d49
	0x77dad83b
	0x77dad7c1

2026-02-03 07:21:14,809 - INFO -     [2/8] ve-sinh: +0 mới (tổng: 189)
2026-02-03 07:22:02,915 - WARNING - Lỗi khi load https://hellobacsi.com/thoi-quen-lanh-manh/song-xanh/: Message: timeout: Timed out receiving message from renderer: 37.782
  (Session info: chrome=144.0.7559.110)
Stacktrace:
Symbols not available. Dumping unresolved backtrace:
	0x1188543
	0x1188584
	0xf7b4e0
	0xf6b893
	0xf6b5c5
	0xf696d8
	0xf69f26
	0xf76d8b
	0xf88abe
	0xf8e4f6
	0xf6a5ac
	0xf88853
	0x10056c1
	0xfe7fb6
	0xfb96f9
	0xfba4b4
	0x13dd034
	0x13d82c9
	0x13f6460
	0x11a1a68
	0x11a988d
	0x1190df8
	0x1190fc2
	0x117ab3a
	0x77815d49
	0x77dad83b
	0x77dad7c1

2026-02-03 07:22:02,927 - INFO -     [3/8] song-xanh: +0 mới (tổng: 189)
2026-02-03 07:23:38,327 - INFO -     [4/8] di-chan-tran: +23 mới (tổng: 212)
2026-02-03 07:25:30,032 - INFO -     [5/8] so-cuu-va-phong-ngua: +59 mới (tổng: 271)
2026-02-03 07:26:25,092 - INFO -     [6/8] nut-got-chan-phai-lam-sao: +7 mới (tổng: 278)
2026-02-03 07:27:07,596 - INFO -     [7/8] bo-thuoc-la: +17 mới (tổng: 295)
2026-02-03 07:27:59,481 - INFO -     [8/8] cach-xu-ly-khi-bi-ong-dot-de-tranh-bi-sung-va-het-dau-nhuc: +0 mới (tổng: 295)
2026-02-03 07:27:59,512 - INFO - 
  ✅ TỔNG Thói quen lành mạnh: 295 URLs bài viết
2026-02-03 07:27:59,583 - INFO - 
============================================================
2026-02-03 07:27:59,598 - INFO - 📁 CRAWLING: Sức khỏe nam giới (/suc-khoe-nam-gioi/)
2026-02-03 07:27:59,601 - INFO - ============================================================
2026-02-03 07:27:59,601 - INFO -   📂 Bước 1: Tìm subcategories...
2026-02-03 07:28:15,157 - INFO -   ✓ Tìm thấy 5 subcategories
2026-02-03 07:28:15,159 - INFO -   📄 Bước 2: Lấy bài viết từ trang chính...
2026-02-03 07:30:32,868 - INFO -   ✓ Từ trang chính: 160 bài viết
2026-02-03 07:30:32,871 - INFO -   📂 Bước 3: Crawl 5 subcategories...
2026-02-03 07:30:58,737 - INFO -     [1/5] van-de-hormone-nam-gioi: +12 mới (tổng: 172)
2026-02-03 07:33:29,981 - INFO -     [2/5] van-de-suc-khoe-nam-gioi-khac: +60 mới (tổng: 232)
2026-02-03 07:34:03,508 - INFO -     [3/5] roi-loan-cuong-duong: +24 mới (tổng: 256)
2026-02-03 07:35:47,164 - INFO -     [4/5] suc-khoe-duong-vat: +52 mới (tổng: 308)
2026-02-03 07:36:06,510 - INFO -     [5/5] cong-duong-vat: +2 mới (tổng: 310)
2026-02-03 07:36:06,573 - INFO - 
  ✅ TỔNG Sức khỏe nam giới: 310 URLs bài viết
2026-02-03 07:36:06,680 - INFO - 
============================================================
2026-02-03 07:36:06,704 - INFO - 📁 CRAWLING: Sức khỏe răng miệng (/suc-khoe-rang-mieng/)
2026-02-03 07:36:06,712 - INFO - ============================================================
2026-02-03 07:36:06,713 - INFO -   📂 Bước 1: Tìm subcategories...
2026-02-03 07:36:12,687 - INFO -   ✓ Tìm thấy 9 subcategories
2026-02-03 07:36:12,687 - INFO -   📄 Bước 2: Lấy bài viết từ trang chính...
2026-02-03 07:38:09,848 - INFO -   ✓ Từ trang chính: 161 bài viết
2026-02-03 07:38:09,849 - INFO -   📂 Bước 3: Crawl 9 subcategories...
2026-02-03 07:39:13,222 - INFO -     [1/9] van-de-ve-rang: +20 mới (tổng: 181)
2026-02-03 07:40:10,638 - INFO -     [2/9] van-de-rang-mieng-khac: +19 mới (tổng: 200)
2026-02-03 07:40:35,110 - INFO -     [3/9] nha-khoa-tham-my: +4 mới (tổng: 204)
2026-02-03 07:41:34,531 - INFO -     [4/9] hello-bacsi-nam-duoc-khia-canh-khoa-hoc-cua-benh-sau-rang-2: +3 mới (tổng: 207)
2026-02-03 07:41:53,847 - INFO -     [5/9] nha-khoa-nhi: +7 mới (tổng: 214)
2026-02-03 07:42:39,736 - INFO -     [6/9] cham-soc-rang-mieng: +34 mới (tổng: 248)
2026-02-03 07:43:26,935 - INFO -     [7/9] hello-bacsi-nam-duoc-khia-canh-khoa-hoc-cua-benh-sau-rang: +0 mới (tổng: 248)
2026-02-03 07:43:49,891 - INFO -     [8/9] chinh-nha: +4 mới (tổng: 252)
2026-02-03 07:44:37,193 - INFO -     [9/9] viem-nuou-nha-chu: +26 mới (tổng: 278)
2026-02-03 07:44:37,197 - INFO - 
  ✅ TỔNG Sức khỏe răng miệng: 278 URLs bài viết
2026-02-03 07:44:37,206 - INFO - 
============================================================
2026-02-03 07:44:37,207 - INFO - 📁 CRAWLING: Lão hóa lành mạnh (/lao-hoa-lanh-manh/)
2026-02-03 07:44:37,208 - INFO - ============================================================
2026-02-03 07:44:37,209 - INFO -   📂 Bước 1: Tìm subcategories...
2026-02-03 07:44:45,604 - INFO -   ✓ Tìm thấy 6 subcategories
2026-02-03 07:44:45,707 - INFO -   📄 Bước 2: Lấy bài viết từ trang chính...
2026-02-03 07:45:14,639 - INFO -   ✓ Từ trang chính: 49 bài viết
2026-02-03 07:45:14,639 - INFO -   📂 Bước 3: Crawl 6 subcategories...
2026-02-03 07:45:27,622 - INFO -     [1/6] nao-bo-lao-hoa: +5 mới (tổng: 54)
2026-02-03 07:46:42,750 - INFO -     [2/6] the-duc-duong-sinh: +22 mới (tổng: 76)
2026-02-03 07:46:59,704 - INFO -     [3/6] dinh-duong-cho-nguoi-cao-tuoi: +5 mới (tổng: 81)
2026-02-03 07:47:15,329 - INFO -     [4/6] co-the-lao-hoa: +5 mới (tổng: 86)
2026-02-03 07:47:34,578 - INFO -     [5/6] qua-trinh-lao-hoa: +8 mới (tổng: 94)
2026-02-03 07:48:06,585 - INFO -     [6/6] van-de-lao-hoa: +13 mới (tổng: 107)
2026-02-03 07:48:06,586 - INFO - 
  ✅ TỔNG Lão hóa lành mạnh: 107 URLs bài viết
2026-02-03 07:48:12,147 - INFO - 
📊 Phase 1 Hoàn tất:
2026-02-03 07:48:12,148 - INFO -    - Tổng URLs: 955
2026-02-03 07:48:12,148 - INFO -    - Đã crawl: 0
2026-02-03 07:48:12,148 - INFO -    - URLs mới: 955
2026-02-03 07:48:13,898 - INFO - 💾 Saved: 0 articles -> hellobacsi_data_8\articles_8.json
2026-02-03 07:48:14,531 - INFO - 💾 Saved: 0 articles -> hellobacsi_data_8\articles_8.json
2026-02-03 07:48:15,025 - INFO - 💾 Saved: 0 articles -> hellobacsi_data_8\articles_8.json
2026-02-03 07:48:16,125 - INFO - 💾 Saved: 0 articles -> hellobacsi_data_8\articles_8.json
2026-02-03 07:48:16,629 - INFO - 💾 Saved: 0 articles -> hellobacsi_data_8\articles_8.json
2026-02-03 07:48:17,218 - INFO - 💾 Saved: 0 articles -> hellobacsi_data_8\articles_8.json
2026-02-03 07:48:17,718 - INFO - 💾 Saved: 0 articles -> hellobacsi_data_8\articles_8.json
2026-02-03 07:48:18,195 - INFO - 💾 Saved: 0 articles -> hellobacsi_data_8\articles_8.json
2026-02-03 07:48:49,065 - INFO - [30/955] ✓ Đã crawl 20 bài viết
2026-02-03 07:49:29,559 - INFO - [50/955] ✓ Đã crawl 40 bài viết
2026-02-03 07:49:50,590 - INFO - 💾 Saved: 50 articles -> hellobacsi_data_8\articles_8.json
2026-02-03 07:50:06,432 - INFO - [70/955] ✓ Đã crawl 60 bài viết
2026-02-03 07:50:54,496 - INFO - [91/955] ✓ Đã crawl 80 bài viết
2026-02-03 07:51:31,594 - INFO - [111/955] ✓ Đã crawl 100 bài viết
2026-02-03 07:51:31,768 - INFO - 💾 Saved: 100 articles -> hellobacsi_data_8\articles_8.json
2026-02-03 07:52:50,236 - INFO - [131/955] ✓ Đã crawl 120 bài viết
2026-02-03 07:53:27,533 - INFO - [151/955] ✓ Đã crawl 140 bài viết
2026-02-03 07:53:50,273 - INFO - 💾 Saved: 150 articles -> hellobacsi_data_8\articles_8.json
2026-02-03 07:54:10,950 - INFO - [173/955] ✓ Đã crawl 160 bài viết
2026-02-03 07:54:58,968 - INFO - [193/955] ✓ Đã crawl 180 bài viết
2026-02-03 07:55:41,527 - INFO - [214/955] ✓ Đã crawl 200 bài viết
2026-02-03 07:55:41,549 - INFO - 💾 Saved: 200 articles -> hellobacsi_data_8\articles_8.json
2026-02-03 07:56:24,348 - INFO - [234/955] ✓ Đã crawl 220 bài viết
2026-02-03 07:57:04,185 - INFO - [254/955] ✓ Đã crawl 240 bài viết
2026-02-03 07:57:21,301 - INFO - 💾 Saved: 250 articles -> hellobacsi_data_8\articles_8.json
2026-02-03 07:57:43,581 - INFO - [274/955] ✓ Đã crawl 260 bài viết
2026-02-03 07:58:40,597 - INFO - [294/955] ✓ Đã crawl 280 bài viết
2026-02-03 07:59:14,318 - INFO - [314/955] ✓ Đã crawl 300 bài viết
2026-02-03 07:59:14,343 - INFO - 💾 Saved: 300 articles -> hellobacsi_data_8\articles_8.json
2026-02-03 08:00:02,111 - INFO - [334/955] ✓ Đã crawl 320 bài viết
2026-02-03 08:01:30,550 - INFO - [354/955] ✓ Đã crawl 340 bài viết
2026-02-03 08:01:49,157 - INFO - 💾 Saved: 350 articles -> hellobacsi_data_8\articles_8.json
2026-02-03 08:02:08,111 - INFO - [374/955] ✓ Đã crawl 360 bài viết
2026-02-03 08:02:49,383 - INFO - [394/955] ✓ Đã crawl 380 bài viết
2026-02-03 08:03:32,777 - INFO - [414/955] ✓ Đã crawl 400 bài viết
2026-02-03 08:03:32,808 - INFO - 💾 Saved: 400 articles -> hellobacsi_data_8\articles_8.json
2026-02-03 08:04:13,123 - INFO - [434/955] ✓ Đã crawl 420 bài viết
2026-02-03 08:04:53,509 - INFO - [454/955] ✓ Đã crawl 440 bài viết
2026-02-03 08:05:12,580 - INFO - 💾 Saved: 450 articles -> hellobacsi_data_8\articles_8.json
2026-02-03 08:05:31,919 - INFO - [474/955] ✓ Đã crawl 460 bài viết
2026-02-03 08:06:13,161 - INFO - [494/955] ✓ Đã crawl 480 bài viết
2026-02-03 08:06:56,175 - INFO - [514/955] ✓ Đã crawl 500 bài viết
2026-02-03 08:06:56,212 - INFO - 💾 Saved: 500 articles -> hellobacsi_data_8\articles_8.json
2026-02-03 08:07:35,503 - INFO - [534/955] ✓ Đã crawl 520 bài viết
2026-02-03 08:08:11,702 - INFO - [554/955] ✓ Đã crawl 540 bài viết
2026-02-03 08:08:29,184 - INFO - 💾 Saved: 550 articles -> hellobacsi_data_8\articles_8.json
2026-02-03 08:08:49,760 - INFO - [574/955] ✓ Đã crawl 560 bài viết
2026-02-03 08:09:37,727 - INFO - [594/955] ✓ Đã crawl 580 bài viết
2026-02-03 08:10:42,207 - INFO - [623/955] ✓ Đã crawl 600 bài viết
2026-02-03 08:10:42,251 - INFO - 💾 Saved: 600 articles -> hellobacsi_data_8\articles_8.json
2026-02-03 08:11:52,154 - INFO - [643/955] ✓ Đã crawl 620 bài viết
2026-02-03 08:12:39,288 - INFO - [663/955] ✓ Đã crawl 640 bài viết
2026-02-03 08:13:08,439 - INFO - 💾 Saved: 650 articles -> hellobacsi_data_8\articles_8.json
2026-02-03 08:13:34,803 - INFO - [683/955] ✓ Đã crawl 660 bài viết
2026-02-03 08:14:21,261 - INFO - [703/955] ✓ Đã crawl 680 bài viết
2026-02-03 08:15:15,087 - INFO - [723/955] ✓ Đã crawl 700 bài viết
2026-02-03 08:15:15,156 - INFO - 💾 Saved: 700 articles -> hellobacsi_data_8\articles_8.json
2026-02-03 08:16:01,197 - INFO - [743/955] ✓ Đã crawl 720 bài viết
2026-02-03 08:16:41,757 - INFO - [763/955] ✓ Đã crawl 740 bài viết
2026-02-03 08:17:03,236 - INFO - 💾 Saved: 750 articles -> hellobacsi_data_8\articles_8.json
2026-02-03 08:17:21,787 - INFO - [783/955] ✓ Đã crawl 760 bài viết
2026-02-03 08:18:02,234 - INFO - [803/955] ✓ Đã crawl 780 bài viết
2026-02-03 08:18:43,230 - INFO - [823/955] ✓ Đã crawl 800 bài viết
2026-02-03 08:18:43,279 - INFO - 💾 Saved: 800 articles -> hellobacsi_data_8\articles_8.json
2026-02-03 08:19:19,853 - INFO - [843/955] ✓ Đã crawl 820 bài viết
2026-02-03 08:20:18,361 - INFO - [864/955] ✓ Đã crawl 840 bài viết
2026-02-03 08:20:26,187 - INFO - 💾 Saved: 850 articles -> hellobacsi_data_8\articles_8.json
2026-02-03 08:20:43,883 - INFO - [884/955] ✓ Đã crawl 860 bài viết
2026-02-03 08:21:42,486 - INFO - [904/955] ✓ Đã crawl 880 bài viết
2026-02-03 08:22:57,900 - INFO - [924/955] ✓ Đã crawl 900 bài viết
2026-02-03 08:22:57,959 - INFO - 💾 Saved: 900 articles -> hellobacsi_data_8\articles_8.json
2026-02-03 08:23:49,618 - INFO - [944/955] ✓ Đã crawl 920 bài viết
2026-02-03 08:24:16,595 - INFO - 💾 Saved: 931 articles -> hellobacsi_data_8\articles_8.json
